
> Configure project :
Fabric Loom: 1.6.12

> Task :compileJava UP-TO-DATE
> Task :processResources UP-TO-DATE
> Task :classes UP-TO-DATE
> Task :generateDLIConfig
> Task :generateLog4jConfig
> Task :generateRemapClasspath UP-TO-DATE
> Task :configureLaunch
> Task :downloadAssets UP-TO-DATE
> Task :configureClientLaunch

> Task :runClient
[22:11:54] [main/INFO] (FabricLoader/GameProvider) Loading Minecraft 1.20.4 with Fabric Loader 0.15.10
[22:11:56] [main/INFO] (FabricLoader) Loading 56 mods:
	- fabric-api 0.92.1+1.20.4
	- fabric-api-base 0.4.35+78d798af4f
	- fabric-api-lookup-api-v1 1.6.45+78d798af4f
	- fabric-biome-api-v1 13.0.15+78d798af4f
	- fabric-block-api-v1 1.0.14+78d798af4f
	- fabric-block-view-api-v2 1.0.3+78d798af4f
	- fabric-blockrenderlayer-v1 1.1.45+78d798af4f
	- fabric-client-tags-api-v1 1.1.6+78d798af4f
	- fabric-command-api-v1 1.2.40+f71b366f4f
	- fabric-command-api-v2 2.2.19+78d798af4f
	- fabric-commands-v0 0.2.57+df3654b34f
	- fabric-containers-v0 0.1.82+df3654b34f
	- fabric-content-registries-v0 5.0.9+78d798af4f
	- fabric-convention-tags-v1 1.5.9+78d798af4f
	- fabric-crash-report-info-v1 0.2.22+78d798af4f
	- fabric-data-generation-api-v1 13.1.18+78d798af4f
	- fabric-dimensions-v1 2.1.60+78d798af4f
	- fabric-entity-events-v1 1.5.28+4ced05924f
	- fabric-events-interaction-v0 0.7.0+389931eb4f
	- fabric-events-lifecycle-v0 0.2.71+df3654b34f
	- fabric-game-rule-api-v1 1.0.45+78d798af4f
	- fabric-gametest-api-v1 1.2.19+78d798af4f
	- fabric-item-api-v1 2.1.34+78d798af4f
	- fabric-item-group-api-v1 4.0.20+78d798af4f
	- fabric-key-binding-api-v1 1.0.40+78d798af4f
	- fabric-keybindings-v0 0.2.38+df3654b34f
	- fabric-lifecycle-events-v1 2.2.29+78d798af4f
	- fabric-loot-api-v2 2.1.4+78d798af4f
	- fabric-message-api-v1 6.0.4+78d798af4f
	- fabric-mining-level-api-v1 2.1.59+78d798af4f
	- fabric-model-loading-api-v1 1.0.7+78d798af4f
	- fabric-models-v0 0.4.6+9386d8a74f
	- fabric-networking-api-v1 3.1.3+875cc1474f
	- fabric-object-builder-api-v1 13.0.8+06274a474f
	- fabric-particles-v1 1.1.6+78d798af4f
	- fabric-recipe-api-v1 2.0.16+78d798af4f
	- fabric-registry-sync-v0 4.0.14+78d798af4f
	- fabric-renderer-api-v1 3.2.3+78d798af4f
	- fabric-renderer-indigo 1.5.3+78d798af4f
	- fabric-renderer-registries-v1 3.2.50+df3654b34f
	- fabric-rendering-data-attachment-v1 0.3.41+73761d2e4f
	- fabric-rendering-fluids-v1 3.0.32+78d798af4f
	- fabric-rendering-v0 1.1.53+df3654b34f
	- fabric-rendering-v1 3.0.12+78d798af4f
	- fabric-resource-conditions-api-v1 2.3.13+78d798af4f
	- fabric-resource-loader-v0 0.11.15+78d798af4f
	- fabric-screen-api-v1 2.0.16+78d798af4f
	- fabric-screen-handler-api-v1 1.3.51+78d798af4f
	- fabric-sound-api-v1 1.0.16+78d798af4f
	- fabric-transfer-api-v1 4.0.6+78d798af4f
	- fabric-transitive-access-wideners-v1 5.0.13+78d798af4f
	- fabricloader 0.15.10
	- java 17
	- minecraft 1.20.4
	- mixinextras 0.3.5
	- utdmod 1.0.0
[22:11:56] [main/INFO] (FabricLoader/Mixin) SpongePowered MIXIN Subsystem Version=0.8.5 Source=file:/home/lenovo/.gradle/caches/modules-2/files-2.1/net.fabricmc/sponge-mixin/0.13.3+mixin.0.8.5/9527e6b0d2449408958fd1302594dc65ec5ade9c/sponge-mixin-0.13.3+mixin.0.8.5.jar Service=Knot/Fabric Env=CLIENT
[22:11:57] [main/INFO] (FabricLoader/Mixin) Loaded Fabric development mappings for mixin remapper!
[22:11:57] [main/INFO] (FabricLoader/Mixin) Compatibility level set to JAVA_17
[22:12:05] [main/INFO] (FabricLoader/MixinExtras|Service) Initializing MixinExtras via com.llamalad7.mixinextras.service.MixinExtrasServiceImpl(version=0.3.5).
[22:12:20] [Datafixer Bootstrap/INFO] (Minecraft) 198 Datafixer optimizations took 511 milliseconds
[22:12:24] [Render thread/INFO] (Minecraft) Environment: Environment[sessionHost=https://sessionserver.mojang.com, servicesHost=https://api.minecraftservices.com, name=PROD]
[22:12:24] [Render thread/INFO] (Minecraft) Setting user: Player600
[22:12:25] [Render thread/INFO] (fabric-networking-api-v1) Force Packet Serialization is enabled to mimic remote connection on single player, this is the default behaviour on dev env. Add -Dfabric-api.networking.force-packet-serialization=false JVM arg to disable it.
[22:12:25] [Render thread/INFO] (utdmod) Initializing Unstable Tension Dynamics Mod...
[22:12:25] [Render thread/INFO] (utdmod) Registering Mod Items for utdmod
[22:12:25] [Render thread/INFO] (utdmod) [UTD] Registering blocks...
[22:12:25] [Render thread/INFO] (utdmod) [UTD] Blocks OK
[22:12:25] [Render thread/INFO] (utdmod) Registering Item Group for utdmod
[22:12:25] [Render thread/INFO] (utdmod) UTD Mod Initialization Complete.
[22:12:25] [Render thread/INFO] (Indigo) [Indigo] Registering Indigo renderer!
[22:12:26] [Render thread/INFO] (Minecraft) Backend library: LWJGL version 3.3.2-snapshot
[22:12:29] [Render thread/INFO] (Minecraft) Reloading ResourceManager: vanilla, fabric (fabric-lifecycle-events-v1, fabric-block-api-v1, fabric-recipe-api-v1, fabric-command-api-v1, fabric-screen-api-v1, fabric-resource-loader-v0, utdmod, fabric-mining-level-api-v1, fabric-api-base, fabric-rendering-fluids-v1, fabric-model-loading-api-v1, fabric-transfer-api-v1, fabric-resource-conditions-api-v1, fabric-message-api-v1, fabric-game-rule-api-v1, fabric-rendering-data-attachment-v1, fabric-containers-v0, fabric-client-tags-api-v1, fabric-commands-v0, fabric-networking-api-v1, fabric-models-v0, fabric-crash-report-info-v1, fabric-rendering-v0, fabric-registry-sync-v0, fabric-rendering-v1, fabric-api, fabric-biome-api-v1, fabric-convention-tags-v1, fabric-dimensions-v1, fabric-screen-handler-api-v1, fabric-renderer-indigo, fabric-events-interaction-v0, fabric-loot-api-v2, fabric-item-group-api-v1, fabric-particles-v1, fabric-object-builder-api-v1, fabric-events-lifecycle-v0, fabric-renderer-api-v1, fabric-data-generation-api-v1, fabric-keybindings-v0, fabric-block-view-api-v2, fabric-renderer-registries-v1, fabric-gametest-api-v1, fabric-transitive-access-wideners-v1, fabric-item-api-v1, fabric-sound-api-v1, fabric-command-api-v2, fabric-entity-events-v1, fabric-key-binding-api-v1, fabricloader, fabric-blockrenderlayer-v1, fabric-content-registries-v0, fabric-api-lookup-api-v1)
[22:12:31] [Worker-Main-2/INFO] (Minecraft) Found unifont_all_no_pua-15.1.04.hex, loading
[22:12:36] [Render thread/WARN] (Minecraft) Missing sound for event: minecraft:item.goat_horn.play
[22:12:36] [Render thread/WARN] (Minecraft) Missing sound for event: minecraft:entity.goat.screaming.horn_break
[22:12:36] [Render thread/WARN] (Minecraft) Missing sound for event: minecraft:entity.generic.wind_burst
[22:12:36] [Render thread/INFO] (Minecraft) OpenAL initialized on device Built-in Audio Analog Stereo
[22:12:36] [Render thread/INFO] (Minecraft) Sound engine started
[22:12:37] [Render thread/INFO] (Minecraft) Created: 1024x512x4 minecraft:textures/atlas/blocks.png-atlas
[22:12:37] [Render thread/INFO] (Minecraft) Created: 256x256x4 minecraft:textures/atlas/signs.png-atlas
[22:12:37] [Render thread/INFO] (Minecraft) Created: 512x512x4 minecraft:textures/atlas/banner_patterns.png-atlas
[22:12:37] [Render thread/INFO] (Minecraft) Created: 512x512x4 minecraft:textures/atlas/shield_patterns.png-atlas
[22:12:37] [Render thread/INFO] (Minecraft) Created: 1024x1024x4 minecraft:textures/atlas/armor_trims.png-atlas
[22:12:37] [Render thread/INFO] (Minecraft) Created: 256x256x4 minecraft:textures/atlas/chest.png-atlas
[22:12:37] [Render thread/INFO] (Minecraft) Created: 128x64x4 minecraft:textures/atlas/decorated_pot.png-atlas
[22:12:37] [Render thread/INFO] (Minecraft) Created: 512x256x4 minecraft:textures/atlas/shulker_boxes.png-atlas
[22:12:37] [Render thread/INFO] (Minecraft) Created: 512x256x4 minecraft:textures/atlas/beds.png-atlas
[22:12:38] [Render thread/WARN] (Minecraft) Shader rendertype_entity_translucent_emissive could not find sampler named Sampler2 in the specified shader program.
[22:12:38] [Render thread/INFO] (Minecraft) Created: 512x256x0 minecraft:textures/atlas/particles.png-atlas
[22:12:38] [Render thread/INFO] (Minecraft) Created: 256x256x0 minecraft:textures/atlas/paintings.png-atlas
[22:12:38] [Render thread/INFO] (Minecraft) Created: 128x128x0 minecraft:textures/atlas/mob_effects.png-atlas
[22:12:38] [Render thread/INFO] (Minecraft) Created: 1024x512x0 minecraft:textures/atlas/gui.png-atlas
[22:12:40] [IO-Worker-1/INFO] (Minecraft) Could not authorize you against Realms server: java.lang.RuntimeException: Failed to parse into SignedJWT: FabricMC
[22:12:45] [Render thread/INFO] (Minecraft) Loaded 7 recipes
[22:12:46] [Render thread/INFO] (Minecraft) Loaded 1271 advancements
[22:12:47] [Render thread/INFO] (BiomeModificationImpl) Applied 0 biome modifications to 0 of 64 new biomes in 2.209 ms
[22:12:47] [Server thread/INFO] (Minecraft) Starting integrated minecraft server version 1.20.4
[22:12:47] [Server thread/INFO] (Minecraft) Generating keypair
[22:12:54] [Server thread/INFO] (Minecraft) Preparing start region for dimension minecraft:overworld
[22:13:13] [Render thread/INFO] (Minecraft) Preparing spawn area: 0%
[22:13:13] [Render thread/INFO] (Minecraft) Preparing spawn area: 0%
[22:13:13] [Render thread/INFO] (Minecraft) Preparing spawn area: 0%
[22:13:13] [Render thread/INFO] (Minecraft) Preparing spawn area: 0%
[22:13:13] [Render thread/INFO] (Minecraft) Preparing spawn area: 0%
[22:13:13] [Render thread/INFO] (Minecraft) Preparing spawn area: 0%
[22:13:13] [Render thread/INFO] (Minecraft) Preparing spawn area: 0%
[22:13:13] [Render thread/INFO] (Minecraft) Preparing spawn area: 0%
[22:13:13] [Render thread/INFO] (Minecraft) Preparing spawn area: 0%
[22:13:13] [Render thread/INFO] (Minecraft) Preparing spawn area: 0%
[22:13:14] [Render thread/INFO] (Minecraft) Preparing spawn area: 0%
[22:13:14] [Render thread/INFO] (Minecraft) Preparing spawn area: 0%
[22:13:14] [Render thread/INFO] (Minecraft) Preparing spawn area: 0%
[22:13:14] [Render thread/INFO] (Minecraft) Preparing spawn area: 0%
[22:13:14] [Render thread/INFO] (Minecraft) Preparing spawn area: 0%
[22:13:14] [Render thread/INFO] (Minecraft) Preparing spawn area: 0%
[22:13:14] [Render thread/INFO] (Minecraft) Preparing spawn area: 0%
[22:13:14] [Render thread/INFO] (Minecraft) Preparing spawn area: 0%
[22:13:14] [Render thread/INFO] (Minecraft) Preparing spawn area: 0%
[22:13:14] [Render thread/INFO] (Minecraft) Preparing spawn area: 0%
[22:13:14] [Render thread/INFO] (Minecraft) Preparing spawn area: 0%
[22:13:14] [Render thread/INFO] (Minecraft) Preparing spawn area: 0%
[22:13:14] [Render thread/INFO] (Minecraft) Preparing spawn area: 0%
[22:13:14] [Render thread/INFO] (Minecraft) Preparing spawn area: 0%
[22:13:14] [Render thread/INFO] (Minecraft) Preparing spawn area: 0%
[22:13:14] [Render thread/INFO] (Minecraft) Preparing spawn area: 0%
[22:13:14] [Render thread/INFO] (Minecraft) Preparing spawn area: 0%
[22:13:14] [Render thread/INFO] (Minecraft) Preparing spawn area: 0%
[22:13:14] [Render thread/INFO] (Minecraft) Preparing spawn area: 0%
[22:13:14] [Render thread/INFO] (Minecraft) Preparing spawn area: 0%
[22:13:14] [Render thread/INFO] (Minecraft) Preparing spawn area: 0%
[22:13:14] [Render thread/INFO] (Minecraft) Preparing spawn area: 0%
[22:13:14] [Render thread/INFO] (Minecraft) Preparing spawn area: 0%
[22:13:14] [Render thread/INFO] (Minecraft) Preparing spawn area: 0%
[22:13:14] [Render thread/INFO] (Minecraft) Preparing spawn area: 0%
[22:13:14] [Render thread/INFO] (Minecraft) Preparing spawn area: 0%
[22:13:14] [Render thread/INFO] (Minecraft) Preparing spawn area: 0%
[22:13:14] [Render thread/INFO] (Minecraft) Preparing spawn area: 0%
[22:13:14] [Render thread/INFO] (Minecraft) Preparing spawn area: 0%
[22:13:14] [Render thread/INFO] (Minecraft) Preparing spawn area: 0%
[22:13:14] [Render thread/INFO] (Minecraft) Preparing spawn area: 0%
[22:13:14] [Render thread/INFO] (Minecraft) Preparing spawn area: 0%
[22:13:15] [Render thread/INFO] (Minecraft) Preparing spawn area: 0%
[22:13:15] [Render thread/INFO] (Minecraft) Preparing spawn area: 0%
[22:13:16] [Render thread/INFO] (Minecraft) Preparing spawn area: 0%
[22:13:16] [Render thread/INFO] (Minecraft) Preparing spawn area: 0%
[22:13:17] [Render thread/INFO] (Minecraft) Preparing spawn area: 1%
[22:13:17] [Render thread/INFO] (Minecraft) Preparing spawn area: 4%
[22:13:18] [Render thread/INFO] (Minecraft) Preparing spawn area: 10%
[22:13:18] [Render thread/INFO] (Minecraft) Preparing spawn area: 23%
[22:13:19] [Render thread/INFO] (Minecraft) Preparing spawn area: 47%
[22:13:19] [Render thread/INFO] (Minecraft) Preparing spawn area: 72%
[22:13:20] [Render thread/INFO] (Minecraft) Time elapsed: 26004 ms
[22:13:20] [Server thread/INFO] (Minecraft) Changing view distance to 12, from 10
[22:13:20] [Server thread/INFO] (Minecraft) Changing simulation distance to 12, from 0
[22:13:22] [Server thread/INFO] (Minecraft) Player600[local:E:23635fdc] logged in with entity id 79 at (-1459.300000011921, 74.0, 161.68680462493626)
[22:13:22] [Server thread/INFO] (Minecraft) Player600 joined the game
[22:13:22] [Server thread/INFO] (Minecraft) Player600 has made the advancement [Stone Age]
[22:13:22] [Server thread/INFO] (Minecraft) Player600 has made the advancement [Getting an Upgrade]
[22:13:28] [Render thread/INFO] (Minecraft) [System] [CHAT] Player600 has made the advancement [Stone Age]
[22:13:28] [Render thread/INFO] (Minecraft) [System] [CHAT] Player600 has made the advancement [Getting an Upgrade]
[22:13:31] [Server thread/WARN] (Minecraft) Can't keep up! Is the server overloaded? Running 8877ms or 177 ticks behind
[22:13:31] [Render thread/INFO] (Minecraft) Loaded 52 advancements
[22:13:53] [Server thread/WARN] (Minecraft) Can't keep up! Is the server overloaded? Running 7189ms or 143 ticks behind
[22:13:55] [Server thread/INFO] (Minecraft) Saving and pausing game...
[22:13:57] [Server thread/INFO] (Minecraft) Saving chunks for level 'ServerLevel[check mod]'/minecraft:overworld
[22:13:59] [Server thread/INFO] (Minecraft) Saving chunks for level 'ServerLevel[check mod]'/minecraft:the_end
[22:13:59] [Server thread/INFO] (Minecraft) Saving chunks for level 'ServerLevel[check mod]'/minecraft:the_nether
[22:13:59] [Server thread/INFO] (Minecraft) Player600 lost connection: Disconnected
[22:13:59] [Server thread/INFO] (Minecraft) Player600 left the game
[22:13:59] [Server thread/INFO] (Minecraft) Stopping singleplayer server as player logged out
[22:14:00] [Server thread/INFO] (Minecraft) Stopping server
[22:14:00] [Server thread/INFO] (Minecraft) Saving players
[22:14:00] [Server thread/INFO] (Minecraft) Saving worlds
[22:14:01] [Server thread/INFO] (Minecraft) Saving chunks for level 'ServerLevel[check mod]'/minecraft:overworld
[22:14:02] [Server thread/INFO] (Minecraft) Saving chunks for level 'ServerLevel[check mod]'/minecraft:the_end
[22:14:02] [Server thread/INFO] (Minecraft) Saving chunks for level 'ServerLevel[check mod]'/minecraft:the_nether
[22:14:02] [Server thread/INFO] (Minecraft) ThreadedAnvilChunkStorage (check mod): All chunks are saved
[22:14:02] [Server thread/INFO] (Minecraft) ThreadedAnvilChunkStorage (DIM1): All chunks are saved
[22:14:02] [Server thread/INFO] (Minecraft) ThreadedAnvilChunkStorage (DIM-1): All chunks are saved
[22:14:02] [Server thread/INFO] (Minecraft) ThreadedAnvilChunkStorage: All dimensions are saved
[22:14:07] [Render thread/INFO] (Minecraft) Stopping!

BUILD SUCCESSFUL in 2m 24s
7 actionable tasks: 3 executed, 4 up-to-date
