
> Configure project :
Fabric Loom: 1.6.12

> Task :compileJava UP-TO-DATE
> Task :processResources UP-TO-DATE
> Task :classes UP-TO-DATE
> Task :generateDLIConfig
> Task :generateLog4jConfig
> Task :generateRemapClasspath UP-TO-DATE
> Task :configureLaunch
> Task :downloadAssets UP-TO-DATE
> Task :configureClientLaunch

> Task :runClient
[01:57:24] [main/INFO] (FabricLoader/GameProvider) Loading Minecraft 1.20.4 with Fabric Loader 0.15.10
[01:57:25] [main/INFO] (FabricLoader) Loading 56 mods:
	- fabric-api 0.92.1+1.20.4
	- fabric-api-base 0.4.35+78d798af4f
	- fabric-api-lookup-api-v1 1.6.45+78d798af4f
	- fabric-biome-api-v1 13.0.15+78d798af4f
	- fabric-block-api-v1 1.0.14+78d798af4f
	- fabric-block-view-api-v2 1.0.3+78d798af4f
	- fabric-blockrenderlayer-v1 1.1.45+78d798af4f
	- fabric-client-tags-api-v1 1.1.6+78d798af4f
	- fabric-command-api-v1 1.2.40+f71b366f4f
	- fabric-command-api-v2 2.2.19+78d798af4f
	- fabric-commands-v0 0.2.57+df3654b34f
	- fabric-containers-v0 0.1.82+df3654b34f
	- fabric-content-registries-v0 5.0.9+78d798af4f
	- fabric-convention-tags-v1 1.5.9+78d798af4f
	- fabric-crash-report-info-v1 0.2.22+78d798af4f
	- fabric-data-generation-api-v1 13.1.18+78d798af4f
	- fabric-dimensions-v1 2.1.60+78d798af4f
	- fabric-entity-events-v1 1.5.28+4ced05924f
	- fabric-events-interaction-v0 0.7.0+389931eb4f
	- fabric-events-lifecycle-v0 0.2.71+df3654b34f
	- fabric-game-rule-api-v1 1.0.45+78d798af4f
	- fabric-gametest-api-v1 1.2.19+78d798af4f
	- fabric-item-api-v1 2.1.34+78d798af4f
	- fabric-item-group-api-v1 4.0.20+78d798af4f
	- fabric-key-binding-api-v1 1.0.40+78d798af4f
	- fabric-keybindings-v0 0.2.38+df3654b34f
	- fabric-lifecycle-events-v1 2.2.29+78d798af4f
	- fabric-loot-api-v2 2.1.4+78d798af4f
	- fabric-message-api-v1 6.0.4+78d798af4f
	- fabric-mining-level-api-v1 2.1.59+78d798af4f
	- fabric-model-loading-api-v1 1.0.7+78d798af4f
	- fabric-models-v0 0.4.6+9386d8a74f
	- fabric-networking-api-v1 3.1.3+875cc1474f
	- fabric-object-builder-api-v1 13.0.8+06274a474f
	- fabric-particles-v1 1.1.6+78d798af4f
	- fabric-recipe-api-v1 2.0.16+78d798af4f
	- fabric-registry-sync-v0 4.0.14+78d798af4f
	- fabric-renderer-api-v1 3.2.3+78d798af4f
	- fabric-renderer-indigo 1.5.3+78d798af4f
	- fabric-renderer-registries-v1 3.2.50+df3654b34f
	- fabric-rendering-data-attachment-v1 0.3.41+73761d2e4f
	- fabric-rendering-fluids-v1 3.0.32+78d798af4f
	- fabric-rendering-v0 1.1.53+df3654b34f
	- fabric-rendering-v1 3.0.12+78d798af4f
	- fabric-resource-conditions-api-v1 2.3.13+78d798af4f
	- fabric-resource-loader-v0 0.11.15+78d798af4f
	- fabric-screen-api-v1 2.0.16+78d798af4f
	- fabric-screen-handler-api-v1 1.3.51+78d798af4f
	- fabric-sound-api-v1 1.0.16+78d798af4f
	- fabric-transfer-api-v1 4.0.6+78d798af4f
	- fabric-transitive-access-wideners-v1 5.0.13+78d798af4f
	- fabricloader 0.15.10
	- java 17
	- minecraft 1.20.4
	- mixinextras 0.3.5
	- utdmod 1.0.0
[01:57:26] [main/INFO] (FabricLoader/Mixin) SpongePowered MIXIN Subsystem Version=0.8.5 Source=file:/home/lenovo/.gradle/caches/modules-2/files-2.1/net.fabricmc/sponge-mixin/0.13.3+mixin.0.8.5/9527e6b0d2449408958fd1302594dc65ec5ade9c/sponge-mixin-0.13.3+mixin.0.8.5.jar Service=Knot/Fabric Env=CLIENT
[01:57:27] [main/INFO] (FabricLoader/Mixin) Loaded Fabric development mappings for mixin remapper!
[01:57:27] [main/INFO] (FabricLoader/Mixin) Compatibility level set to JAVA_17
[01:57:29] [main/INFO] (FabricLoader/MixinExtras|Service) Initializing MixinExtras via com.llamalad7.mixinextras.service.MixinExtrasServiceImpl(version=0.3.5).
[01:57:44] [Datafixer Bootstrap/INFO] (Minecraft) 198 Datafixer optimizations took 476 milliseconds
[01:57:51] [Render thread/INFO] (Minecraft) Environment: Environment[sessionHost=https://sessionserver.mojang.com, servicesHost=https://api.minecraftservices.com, name=PROD]
[01:57:51] [Render thread/INFO] (Minecraft) Setting user: Player596
[01:57:52] [Render thread/INFO] (fabric-networking-api-v1) Force Packet Serialization is enabled to mimic remote connection on single player, this is the default behaviour on dev env. Add -Dfabric-api.networking.force-packet-serialization=false JVM arg to disable it.
[01:57:52] [Render thread/INFO] (utdmod) Registered UTD items.
[01:57:53] [Render thread/INFO] (utdmod) Registered UTD blocks.
[01:57:53] [Render thread/INFO] (utdmod) Registering Tension System...
[01:57:53] [Render thread/INFO] (utdmod) Tension System registered.
[01:57:53] [Render thread/INFO] (Indigo) [Indigo] Registering Indigo renderer!
[01:57:54] [Render thread/INFO] (Minecraft) Backend library: LWJGL version 3.3.2-snapshot
[01:58:02] [Render thread/INFO] (Minecraft) Reloading ResourceManager: vanilla, fabric (fabric-rendering-v1, fabric-loot-api-v2, fabric-registry-sync-v0, fabric-mining-level-api-v1, fabric-api, fabric-renderer-registries-v1, fabric-transitive-access-wideners-v1, fabric-data-generation-api-v1, fabric-events-lifecycle-v0, fabricloader, fabric-sound-api-v1, fabric-entity-events-v1, fabric-blockrenderlayer-v1, fabric-rendering-data-attachment-v1, fabric-block-view-api-v2, fabric-object-builder-api-v1, fabric-models-v0, fabric-screen-api-v1, fabric-rendering-v0, fabric-commands-v0, fabric-message-api-v1, fabric-key-binding-api-v1, fabric-item-api-v1, fabric-recipe-api-v1, fabric-events-interaction-v0, fabric-convention-tags-v1, fabric-crash-report-info-v1, fabric-dimensions-v1, fabric-transfer-api-v1, fabric-networking-api-v1, fabric-game-rule-api-v1, fabric-content-registries-v0, fabric-renderer-indigo, fabric-gametest-api-v1, fabric-resource-conditions-api-v1, fabric-particles-v1, fabric-command-api-v1, fabric-client-tags-api-v1, fabric-command-api-v2, fabric-api-lookup-api-v1, fabric-item-group-api-v1, fabric-lifecycle-events-v1, fabric-keybindings-v0, utdmod, fabric-biome-api-v1, fabric-api-base, fabric-rendering-fluids-v1, fabric-renderer-api-v1, fabric-resource-loader-v0, fabric-model-loading-api-v1, fabric-screen-handler-api-v1, fabric-containers-v0, fabric-block-api-v1)
[01:58:03] [Worker-Main-3/INFO] (Minecraft) Found unifont_all_no_pua-15.1.04.hex, loading
[01:58:09] [Render thread/WARN] (Minecraft) Missing sound for event: minecraft:item.goat_horn.play
[01:58:09] [Render thread/WARN] (Minecraft) Missing sound for event: minecraft:entity.goat.screaming.horn_break
[01:58:09] [Render thread/WARN] (Minecraft) Missing sound for event: minecraft:entity.generic.wind_burst
[01:58:09] [Render thread/INFO] (Minecraft) OpenAL initialized on device Built-in Audio Analog Stereo
[01:58:09] [Render thread/INFO] (Minecraft) Sound engine started
[01:58:09] [Render thread/INFO] (Minecraft) Created: 1024x512x4 minecraft:textures/atlas/blocks.png-atlas
[01:58:09] [Render thread/INFO] (Minecraft) Created: 256x256x4 minecraft:textures/atlas/signs.png-atlas
[01:58:09] [Render thread/INFO] (Minecraft) Created: 512x512x4 minecraft:textures/atlas/banner_patterns.png-atlas
[01:58:09] [Render thread/INFO] (Minecraft) Created: 512x512x4 minecraft:textures/atlas/shield_patterns.png-atlas
[01:58:09] [Render thread/INFO] (Minecraft) Created: 1024x1024x4 minecraft:textures/atlas/armor_trims.png-atlas
[01:58:09] [Render thread/INFO] (Minecraft) Created: 256x256x4 minecraft:textures/atlas/chest.png-atlas
[01:58:09] [Render thread/INFO] (Minecraft) Created: 128x64x4 minecraft:textures/atlas/decorated_pot.png-atlas
[01:58:09] [Render thread/INFO] (Minecraft) Created: 512x256x4 minecraft:textures/atlas/shulker_boxes.png-atlas
[01:58:09] [Render thread/INFO] (Minecraft) Created: 512x256x4 minecraft:textures/atlas/beds.png-atlas
[01:58:11] [Render thread/WARN] (Minecraft) Shader rendertype_entity_translucent_emissive could not find sampler named Sampler2 in the specified shader program.
[01:58:11] [Render thread/INFO] (Minecraft) Created: 512x256x0 minecraft:textures/atlas/particles.png-atlas
[01:58:11] [Render thread/INFO] (Minecraft) Created: 256x256x0 minecraft:textures/atlas/paintings.png-atlas
[01:58:11] [Render thread/INFO] (Minecraft) Created: 128x128x0 minecraft:textures/atlas/mob_effects.png-atlas
[01:58:11] [Render thread/INFO] (Minecraft) Created: 1024x512x0 minecraft:textures/atlas/gui.png-atlas
[01:58:18] [IO-Worker-1/INFO] (Minecraft) Could not authorize you against Realms server: java.lang.RuntimeException: Failed to parse into SignedJWT: FabricMC
[01:58:23] [Render thread/ERROR] (Minecraft) Parsing error loading recipe utdmod:ritual_block
com.google.gson.JsonParseException: Item must not be minecraft:air
	at net.minecraft.util.Util.getResult(Util.java:1005) ~[minecraft-merged-4eb9d75495-1.20.4-net.fabricmc.yarn.1_20_4.1.20.4+build.2-v2.jar:?]
	at net.minecraft.recipe.RecipeManager.deserialize(RecipeManager.java:131) ~[minecraft-merged-4eb9d75495-1.20.4-net.fabricmc.yarn.1_20_4.1.20.4+build.2-v2.jar:?]
	at net.minecraft.recipe.RecipeManager.apply(RecipeManager.java:56) ~[minecraft-merged-4eb9d75495-1.20.4-net.fabricmc.yarn.1_20_4.1.20.4+build.2-v2.jar:?]
	at net.minecraft.recipe.RecipeManager.apply(RecipeManager.java:35) ~[minecraft-merged-4eb9d75495-1.20.4-net.fabricmc.yarn.1_20_4.1.20.4+build.2-v2.jar:?]
	at net.minecraft.resource.SinglePreparationResourceReloader.method_18790(SinglePreparationResourceReloader.java:13) ~[minecraft-merged-4eb9d75495-1.20.4-net.fabricmc.yarn.1_20_4.1.20.4+build.2-v2.jar:?]
	at java.util.concurrent.CompletableFuture$UniAccept.tryFire(CompletableFuture.java:718) ~[?:?]
	at java.util.concurrent.CompletableFuture$Completion.run(CompletableFuture.java:482) ~[?:?]
	at net.minecraft.resource.SimpleResourceReload.method_18365(SimpleResourceReload.java:69) ~[minecraft-merged-4eb9d75495-1.20.4-net.fabricmc.yarn.1_20_4.1.20.4+build.2-v2.jar:?]
	at net.minecraft.util.thread.ThreadExecutor.executeTask(ThreadExecutor.java:156) ~[minecraft-merged-4eb9d75495-1.20.4-net.fabricmc.yarn.1_20_4.1.20.4+build.2-v2.jar:?]
	at net.minecraft.util.thread.ReentrantThreadExecutor.executeTask(ReentrantThreadExecutor.java:23) ~[minecraft-merged-4eb9d75495-1.20.4-net.fabricmc.yarn.1_20_4.1.20.4+build.2-v2.jar:?]
	at net.minecraft.util.thread.ThreadExecutor.runTask(ThreadExecutor.java:130) ~[minecraft-merged-4eb9d75495-1.20.4-net.fabricmc.yarn.1_20_4.1.20.4+build.2-v2.jar:?]
	at net.minecraft.util.thread.ThreadExecutor.runTasks(ThreadExecutor.java:139) ~[minecraft-merged-4eb9d75495-1.20.4-net.fabricmc.yarn.1_20_4.1.20.4+build.2-v2.jar:?]
	at net.minecraft.server.integrated.IntegratedServerLoader.load(IntegratedServerLoader.java:181) ~[minecraft-merged-4eb9d75495-1.20.4-net.fabricmc.yarn.1_20_4.1.20.4+build.2-v2.jar:?]
	at net.minecraft.server.integrated.IntegratedServerLoader.load(IntegratedServerLoader.java:136) ~[minecraft-merged-4eb9d75495-1.20.4-net.fabricmc.yarn.1_20_4.1.20.4+build.2-v2.jar:?]
	at net.minecraft.server.integrated.IntegratedServerLoader.start(IntegratedServerLoader.java:330) ~[minecraft-merged-4eb9d75495-1.20.4-net.fabricmc.yarn.1_20_4.1.20.4+build.2-v2.jar:?]
	at net.minecraft.server.integrated.IntegratedServerLoader.start(IntegratedServerLoader.java:308) ~[minecraft-merged-4eb9d75495-1.20.4-net.fabricmc.yarn.1_20_4.1.20.4+build.2-v2.jar:?]
	at net.minecraft.server.integrated.IntegratedServerLoader.start(IntegratedServerLoader.java:242) ~[minecraft-merged-4eb9d75495-1.20.4-net.fabricmc.yarn.1_20_4.1.20.4+build.2-v2.jar:?]
	at net.minecraft.client.gui.screen.world.WorldListWidget$WorldEntry.play(WorldListWidget.java:440) ~[minecraft-merged-4eb9d75495-1.20.4-net.fabricmc.yarn.1_20_4.1.20.4+build.2-v2.jar:?]
	at net.minecraft.client.gui.screen.world.WorldListWidget$WorldEntry.mouseClicked(WorldListWidget.java:417) ~[minecraft-merged-4eb9d75495-1.20.4-net.fabricmc.yarn.1_20_4.1.20.4+build.2-v2.jar:?]
	at net.minecraft.client.gui.widget.EntryListWidget.mouseClicked(EntryListWidget.java:279) ~[minecraft-merged-4eb9d75495-1.20.4-net.fabricmc.yarn.1_20_4.1.20.4+build.2-v2.jar:?]
	at net.minecraft.client.gui.ParentElement.mouseClicked(ParentElement.java:38) ~[minecraft-merged-4eb9d75495-1.20.4-net.fabricmc.yarn.1_20_4.1.20.4+build.2-v2.jar:?]
	at net.minecraft.client.Mouse.method_1611(Mouse.java:99) ~[minecraft-merged-4eb9d75495-1.20.4-net.fabricmc.yarn.1_20_4.1.20.4+build.2-v2.jar:?]
	at net.minecraft.client.gui.screen.Screen.wrapScreenError(Screen.java:414) ~[minecraft-merged-4eb9d75495-1.20.4-net.fabricmc.yarn.1_20_4.1.20.4+build.2-v2.jar:?]
	at net.minecraft.client.Mouse.onMouseButton(Mouse.java:99) ~[minecraft-merged-4eb9d75495-1.20.4-net.fabricmc.yarn.1_20_4.1.20.4+build.2-v2.jar:?]
	at net.minecraft.client.Mouse.method_22686(Mouse.java:180) ~[minecraft-merged-4eb9d75495-1.20.4-net.fabricmc.yarn.1_20_4.1.20.4+build.2-v2.jar:?]
	at net.minecraft.util.thread.ThreadExecutor.execute(ThreadExecutor.java:102) ~[minecraft-merged-4eb9d75495-1.20.4-net.fabricmc.yarn.1_20_4.1.20.4+build.2-v2.jar:?]
	at net.minecraft.client.Mouse.method_22684(Mouse.java:180) ~[minecraft-merged-4eb9d75495-1.20.4-net.fabricmc.yarn.1_20_4.1.20.4+build.2-v2.jar:?]
	at org.lwjgl.glfw.GLFWMouseButtonCallbackI.callback(GLFWMouseButtonCallbackI.java:43) ~[lwjgl-glfw-3.3.2.jar:build 13]
	at org.lwjgl.system.JNI.invokeV(Native Method) ~[lwjgl-3.3.2.jar:build 13]
	at org.lwjgl.glfw.GLFW.glfwWaitEventsTimeout(GLFW.java:3509) ~[lwjgl-glfw-3.3.2.jar:build 13]
	at com.mojang.blaze3d.systems.RenderSystem.limitDisplayFPS(RenderSystem.java:238) ~[minecraft-merged-4eb9d75495-1.20.4-net.fabricmc.yarn.1_20_4.1.20.4+build.2-v2.jar:?]
	at net.minecraft.client.MinecraftClient.render(MinecraftClient.java:1352) ~[minecraft-merged-4eb9d75495-1.20.4-net.fabricmc.yarn.1_20_4.1.20.4+build.2-v2.jar:?]
	at net.minecraft.client.MinecraftClient.run(MinecraftClient.java:888) ~[minecraft-merged-4eb9d75495-1.20.4-net.fabricmc.yarn.1_20_4.1.20.4+build.2-v2.jar:?]
	at net.minecraft.client.main.Main.main(Main.java:265) ~[minecraft-merged-4eb9d75495-1.20.4-net.fabricmc.yarn.1_20_4.1.20.4+build.2-v2.jar:?]
	at net.fabricmc.loader.impl.game.minecraft.MinecraftGameProvider.launch(MinecraftGameProvider.java:470) ~[fabric-loader-0.15.10.jar:?]
	at net.fabricmc.loader.impl.launch.knot.Knot.launch(Knot.java:74) ~[fabric-loader-0.15.10.jar:?]
	at net.fabricmc.loader.impl.launch.knot.KnotClient.main(KnotClient.java:23) ~[fabric-loader-0.15.10.jar:?]
	at net.fabricmc.devlaunchinjector.Main.main(Main.java:86) ~[dev-launch-injector-0.2.1+build.8.jar:?]
[01:58:23] [Render thread/INFO] (Minecraft) Loaded 7 recipes
[01:58:24] [Render thread/INFO] (Minecraft) Loaded 1271 advancements
[01:58:25] [Render thread/INFO] (BiomeModificationImpl) Applied 0 biome modifications to 0 of 64 new biomes in 2.283 ms
[01:58:25] [Server thread/INFO] (Minecraft) Starting integrated minecraft server version 1.20.4
[01:58:25] [Server thread/INFO] (Minecraft) Generating keypair
[01:58:33] [Server thread/INFO] (Minecraft) Preparing start region for dimension minecraft:overworld
[01:58:51] [Render thread/INFO] (Minecraft) Preparing spawn area: 0%
[01:58:51] [Render thread/INFO] (Minecraft) Preparing spawn area: 0%
[01:58:51] [Render thread/INFO] (Minecraft) Preparing spawn area: 0%
[01:58:52] [Render thread/INFO] (Minecraft) Preparing spawn area: 0%
[01:58:52] [Render thread/INFO] (Minecraft) Preparing spawn area: 0%
[01:58:52] [Render thread/INFO] (Minecraft) Preparing spawn area: 0%
[01:58:52] [Render thread/INFO] (Minecraft) Preparing spawn area: 0%
[01:58:52] [Render thread/INFO] (Minecraft) Preparing spawn area: 0%
[01:58:52] [Render thread/INFO] (Minecraft) Preparing spawn area: 0%
[01:58:52] [Render thread/INFO] (Minecraft) Preparing spawn area: 0%
[01:58:52] [Render thread/INFO] (Minecraft) Preparing spawn area: 0%
[01:58:52] [Render thread/INFO] (Minecraft) Preparing spawn area: 0%
[01:58:52] [Render thread/INFO] (Minecraft) Preparing spawn area: 0%
[01:58:52] [Render thread/INFO] (Minecraft) Preparing spawn area: 0%
[01:58:52] [Render thread/INFO] (Minecraft) Preparing spawn area: 0%
[01:58:52] [Render thread/INFO] (Minecraft) Preparing spawn area: 0%
[01:58:52] [Render thread/INFO] (Minecraft) Preparing spawn area: 0%
[01:58:52] [Render thread/INFO] (Minecraft) Preparing spawn area: 0%
[01:58:52] [Render thread/INFO] (Minecraft) Preparing spawn area: 0%
[01:58:52] [Render thread/INFO] (Minecraft) Preparing spawn area: 0%
[01:58:52] [Render thread/INFO] (Minecraft) Preparing spawn area: 0%
[01:58:52] [Render thread/INFO] (Minecraft) Preparing spawn area: 0%
[01:58:52] [Render thread/INFO] (Minecraft) Preparing spawn area: 0%
[01:58:52] [Render thread/INFO] (Minecraft) Preparing spawn area: 0%
[01:58:52] [Render thread/INFO] (Minecraft) Preparing spawn area: 0%
[01:58:52] [Render thread/INFO] (Minecraft) Preparing spawn area: 0%
[01:58:52] [Render thread/INFO] (Minecraft) Preparing spawn area: 0%
[01:58:52] [Render thread/INFO] (Minecraft) Preparing spawn area: 0%
[01:58:52] [Render thread/INFO] (Minecraft) Preparing spawn area: 0%
[01:58:52] [Render thread/INFO] (Minecraft) Preparing spawn area: 0%
[01:58:52] [Render thread/INFO] (Minecraft) Preparing spawn area: 0%
[01:58:52] [Render thread/INFO] (Minecraft) Preparing spawn area: 0%
[01:58:52] [Render thread/INFO] (Minecraft) Preparing spawn area: 0%
[01:58:52] [Render thread/INFO] (Minecraft) Preparing spawn area: 0%
[01:58:52] [Render thread/INFO] (Minecraft) Preparing spawn area: 0%
[01:58:52] [Render thread/INFO] (Minecraft) Preparing spawn area: 0%
[01:58:52] [Render thread/INFO] (Minecraft) Preparing spawn area: 0%
[01:58:52] [Render thread/INFO] (Minecraft) Preparing spawn area: 0%
[01:58:52] [Render thread/INFO] (Minecraft) Preparing spawn area: 0%
[01:58:52] [Render thread/INFO] (Minecraft) Preparing spawn area: 0%
[01:58:53] [Render thread/INFO] (Minecraft) Preparing spawn area: 0%
[01:58:53] [Render thread/INFO] (Minecraft) Preparing spawn area: 0%
[01:58:54] [Render thread/INFO] (Minecraft) Preparing spawn area: 0%
[01:58:54] [Render thread/INFO] (Minecraft) Preparing spawn area: 15%
[01:58:55] [Render thread/INFO] (Minecraft) Preparing spawn area: 32%
[01:58:55] [Render thread/INFO] (Minecraft) Preparing spawn area: 54%
[01:58:57] [Render thread/INFO] (Minecraft) Preparing spawn area: 61%
[01:58:57] [Render thread/INFO] (Minecraft) Preparing spawn area: 61%
[01:58:57] [Render thread/INFO] (Minecraft) Preparing spawn area: 70%
[01:58:57] [Render thread/INFO] (Minecraft) Time elapsed: 24593 ms
[01:58:57] [Server thread/INFO] (Minecraft) Changing view distance to 12, from 10
[01:58:57] [Server thread/INFO] (Minecraft) Changing simulation distance to 12, from 0
[01:58:58] [Server thread/INFO] (utdmod) [TM] add: 0.0 -> 0.1
[01:58:59] [Server thread/INFO] (Minecraft) Player596[local:E:52c41252] logged in with entity id 79 at (-1362.0564376016587, 70.0, 176.80940704358858)
[01:58:59] [Server thread/INFO] (Minecraft) Player596 joined the game
[01:58:59] [Server thread/INFO] (Minecraft) Player596 has made the advancement [Stone Age]
[01:58:59] [Server thread/INFO] (Minecraft) Player596 has made the advancement [Getting an Upgrade]
[01:59:04] [Render thread/INFO] (Minecraft) [System] [CHAT] Player596 has made the advancement [Stone Age]
[01:59:04] [Render thread/INFO] (Minecraft) [System] [CHAT] Player596 has made the advancement [Getting an Upgrade]
[01:59:08] [Render thread/INFO] (Minecraft) Loaded 53 advancements
[01:59:08] [Server thread/WARN] (Minecraft) Can't keep up! Is the server overloaded? Running 9015ms or 180 ticks behind
[01:59:09] [Server thread/INFO] (utdmod) [TM] add: 0.1 -> 0.2
[01:59:10] [Server thread/INFO] (utdmod) [TM] add: 0.2 -> 0.30000000000000004
[01:59:11] [Server thread/INFO] (utdmod) [TM] add: 0.30000000000000004 -> 0.4
[01:59:13] [Server thread/INFO] (utdmod) [TM] add: 0.4 -> 0.5
[01:59:14] [Server thread/INFO] (utdmod) [TM] add: 0.5 -> 0.6
[01:59:16] [Server thread/INFO] (utdmod) [TM] add: 0.6 -> 0.7
[01:59:17] [Server thread/INFO] (utdmod) [TM] add: 0.7 -> 0.7999999999999999
[01:59:18] [Server thread/INFO] (utdmod) [TM] add: 0.7999999999999999 -> 0.8999999999999999
[01:59:20] [Server thread/INFO] (utdmod) [TM] add: 0.8999999999999999 -> 0.9999999999999999
[01:59:22] [Server thread/INFO] (utdmod) [TM] add: 0.9999999999999999 -> 1.0999999999999999
[01:59:23] [Server thread/INFO] (utdmod) [TM] add: 1.0999999999999999 -> 1.2
[01:59:24] [Server thread/INFO] (utdmod) [TM] add: 1.2 -> 1.3
[01:59:28] [Server thread/INFO] (utdmod) [TM] add: 1.3 -> 1.4000000000000001
[01:59:30] [Server thread/INFO] (utdmod) [TM] add: 1.4000000000000001 -> 1.5000000000000002
[01:59:32] [Server thread/INFO] (utdmod) [TM] add: 1.5000000000000002 -> 1.6000000000000003
[01:59:32] [Server thread/WARN] (Minecraft) Can't keep up! Is the server overloaded? Running 9696ms or 193 ticks behind
[01:59:33] [Server thread/INFO] (utdmod) [TM] add: 1.6000000000000003 -> 1.7000000000000004
[01:59:34] [Server thread/INFO] (utdmod) [TM] add: 1.7000000000000004 -> 1.8000000000000005
[01:59:36] [Server thread/INFO] (utdmod) [TM] add: 1.8000000000000005 -> 1.9000000000000006
[01:59:39] [Server thread/INFO] (utdmod) [TM] add: 1.9000000000000006 -> 2.0000000000000004
[01:59:40] [Server thread/INFO] (utdmod) [TM] add: 2.0000000000000004 -> 2.1000000000000005
[01:59:41] [Server thread/INFO] (utdmod) [TM] add: 2.1000000000000005 -> 2.2000000000000006
[01:59:43] [Server thread/INFO] (utdmod) [TM] add: 2.2000000000000006 -> 2.3000000000000007
[01:59:44] [Server thread/INFO] (utdmod) [TM] add: 2.3000000000000007 -> 2.400000000000001
[01:59:45] [Server thread/INFO] (utdmod) [TM] add: 2.400000000000001 -> 2.500000000000001
[01:59:46] [Server thread/INFO] (utdmod) [TM] add: 2.500000000000001 -> 2.600000000000001
[01:59:46] [Server thread/INFO] (utdmod) [TM] add: 2.600000000000001 -> 2.700000000000001
[01:59:47] [Server thread/INFO] (utdmod) [TM] add: 2.700000000000001 -> 2.800000000000001
[01:59:48] [Server thread/INFO] (utdmod) [TM] add: 2.800000000000001 -> 2.9000000000000012
[01:59:48] [Server thread/INFO] (utdmod) [TM] add: 2.9000000000000012 -> 3.0000000000000013
[01:59:49] [Server thread/INFO] (utdmod) [TM] add: 3.0000000000000013 -> 3.1000000000000014
[01:59:50] [Server thread/INFO] (utdmod) [TM] add: 3.1000000000000014 -> 3.2000000000000015
[01:59:50] [Server thread/INFO] (utdmod) [TM] add: 3.2000000000000015 -> 3.3000000000000016
[01:59:51] [Server thread/INFO] (utdmod) [TM] add: 3.3000000000000016 -> 3.4000000000000017
[01:59:52] [Server thread/WARN] (Minecraft) Can't keep up! Is the server overloaded? Running 2238ms or 44 ticks behind
[01:59:54] [Server thread/INFO] (utdmod) [TM] add: 3.4000000000000017 -> 3.5000000000000018
[01:59:54] [Server thread/INFO] (utdmod) [TM] add: 3.5000000000000018 -> 3.600000000000002
[01:59:55] [Server thread/INFO] (utdmod) [TM] add: 3.600000000000002 -> 3.700000000000002
[01:59:56] [Server thread/INFO] (utdmod) [TM] add: 3.700000000000002 -> 3.800000000000002
[01:59:58] [Server thread/INFO] (utdmod) [TM] add: 3.800000000000002 -> 3.900000000000002
[01:59:59] [Server thread/INFO] (utdmod) [TM] add: 3.900000000000002 -> 4.000000000000002
[02:00:00] [Server thread/INFO] (utdmod) [TM] add: 4.000000000000002 -> 4.100000000000001
[02:00:01] [Server thread/INFO] (utdmod) [TM] add: 4.100000000000001 -> 4.200000000000001
[02:00:02] [Server thread/INFO] (utdmod) [TM] add: 4.200000000000001 -> 4.300000000000001
[02:00:04] [Server thread/INFO] (utdmod) [TM] add: 4.300000000000001 -> 4.4
[02:00:06] [Server thread/INFO] (utdmod) [TM] add: 4.4 -> 4.5
[02:00:07] [Server thread/INFO] (utdmod) [TM] add: 4.5 -> 4.6
[02:00:08] [Server thread/INFO] (utdmod) [TM] add: 4.6 -> 4.699999999999999
[02:00:13] [Server thread/INFO] (utdmod) [TM] add: 4.699999999999999 -> 4.799999999999999
[02:00:17] [Server thread/INFO] (utdmod) [TM] add: 4.799999999999999 -> 4.899999999999999
[02:00:18] [Server thread/WARN] (Minecraft) Can't keep up! Is the server overloaded? Running 10641ms or 212 ticks behind
[02:00:21] [Server thread/INFO] (utdmod) [TM] add: 4.899999999999999 -> 4.999999999999998
[02:00:22] [Server thread/INFO] (utdmod) [TM] add: 4.999999999999998 -> 5.099999999999998
[02:00:23] [Server thread/INFO] (utdmod) [TM] add: 5.099999999999998 -> 5.1999999999999975
[02:00:24] [Server thread/INFO] (utdmod) [TM] add: 5.1999999999999975 -> 5.299999999999997
[02:00:24] [Server thread/INFO] (utdmod) [TM] add: 5.299999999999997 -> 5.399999999999997
[02:00:25] [Server thread/INFO] (utdmod) [TM] add: 5.399999999999997 -> 5.4999999999999964
[02:00:26] [Server thread/INFO] (utdmod) [TM] add: 5.4999999999999964 -> 5.599999999999996
[02:00:28] [Server thread/INFO] (utdmod) [TM] add: 5.599999999999996 -> 5.699999999999996
[02:00:28] [Server thread/INFO] (utdmod) [TM] add: 5.699999999999996 -> 5.799999999999995
[02:00:30] [Server thread/INFO] (utdmod) [TM] add: 5.799999999999995 -> 5.899999999999995
[02:00:31] [Server thread/INFO] (utdmod) [TM] add: 5.899999999999995 -> 5.999999999999995
[02:00:32] [Server thread/INFO] (utdmod) [TM] add: 5.999999999999995 -> 6.099999999999994
[02:00:33] [Server thread/INFO] (utdmod) [TM] add: 6.099999999999994 -> 6.199999999999994
[02:00:34] [Server thread/INFO] (utdmod) [TM] add: 6.199999999999994 -> 6.299999999999994
[02:00:35] [Server thread/INFO] (utdmod) [TM] add: 6.299999999999994 -> 6.399999999999993
[02:00:35] [Server thread/WARN] (Minecraft) Can't keep up! Is the server overloaded? Running 2158ms or 43 ticks behind
[02:00:36] [Server thread/INFO] (utdmod) [TM] add: 6.399999999999993 -> 6.499999999999993
[02:00:37] [Server thread/INFO] (utdmod) [TM] add: 6.499999999999993 -> 6.5999999999999925
[02:00:38] [Server thread/INFO] (utdmod) [TM] add: 6.5999999999999925 -> 6.699999999999992
[02:00:41] [Server thread/INFO] (utdmod) [TM] add: 6.699999999999992 -> 6.799999999999992
[02:00:43] [Server thread/INFO] (utdmod) [TM] add: 6.799999999999992 -> 6.8999999999999915
[02:00:43] [Server thread/INFO] (utdmod) [TM] add: 6.8999999999999915 -> 6.999999999999991
[02:00:44] [Server thread/INFO] (utdmod) [TM] add: 6.999999999999991 -> 7.099999999999991
[02:00:45] [Server thread/INFO] (utdmod) [TM] add: 7.099999999999991 -> 7.19999999999999
[02:00:45] [Server thread/INFO] (Minecraft) Saving and pausing game...
[02:00:45] [Server thread/INFO] (Minecraft) Saving chunks for level 'ServerLevel[check mod]'/minecraft:overworld
[02:00:55] [Server thread/INFO] (Minecraft) Saving chunks for level 'ServerLevel[check mod]'/minecraft:the_end
[02:00:55] [Server thread/INFO] (Minecraft) Saving chunks for level 'ServerLevel[check mod]'/minecraft:the_nether
[02:00:56] [Server thread/INFO] (Minecraft) Player596 lost connection: Disconnected
[02:00:57] [Server thread/INFO] (Minecraft) Player596 left the game
[02:00:57] [Server thread/INFO] (Minecraft) Stopping singleplayer server as player logged out
[02:00:57] [Server thread/INFO] (Minecraft) Stopping server
[02:00:57] [Server thread/INFO] (Minecraft) Saving players
[02:00:57] [Server thread/INFO] (Minecraft) Saving worlds
[02:01:08] [Server thread/INFO] (Minecraft) Saving chunks for level 'ServerLevel[check mod]'/minecraft:overworld
[02:01:09] [Server thread/INFO] (Minecraft) Saving chunks for level 'ServerLevel[check mod]'/minecraft:the_end
[02:01:09] [Server thread/INFO] (Minecraft) Saving chunks for level 'ServerLevel[check mod]'/minecraft:the_nether
[02:01:09] [Server thread/INFO] (Minecraft) ThreadedAnvilChunkStorage (check mod): All chunks are saved
[02:01:09] [Server thread/INFO] (Minecraft) ThreadedAnvilChunkStorage (DIM1): All chunks are saved
[02:01:09] [Server thread/INFO] (Minecraft) ThreadedAnvilChunkStorage (DIM-1): All chunks are saved
[02:01:09] [Server thread/INFO] (Minecraft) ThreadedAnvilChunkStorage: All dimensions are saved
[02:01:27] [Render thread/INFO] (Minecraft) Stopping!

BUILD SUCCESSFUL in 4m 10s
7 actionable tasks: 3 executed, 4 up-to-date
