
> Configure project :
Fabric Loom: 1.6.12

> Task :compileJava UP-TO-DATE
> Task :processResources UP-TO-DATE
> Task :classes UP-TO-DATE
> Task :generateDLIConfig
> Task :generateLog4jConfig
> Task :generateRemapClasspath UP-TO-DATE
> Task :configureLaunch
> Task :downloadAssets UP-TO-DATE
> Task :configureClientLaunch

> Task :runClient
[02:11:55] [main/INFO] (FabricLoader/GameProvider) Loading Minecraft 1.20.4 with Fabric Loader 0.15.10
[02:11:56] [main/INFO] (FabricLoader) Loading 56 mods:
	- fabric-api 0.92.1+1.20.4
	- fabric-api-base 0.4.35+78d798af4f
	- fabric-api-lookup-api-v1 1.6.45+78d798af4f
	- fabric-biome-api-v1 13.0.15+78d798af4f
	- fabric-block-api-v1 1.0.14+78d798af4f
	- fabric-block-view-api-v2 1.0.3+78d798af4f
	- fabric-blockrenderlayer-v1 1.1.45+78d798af4f
	- fabric-client-tags-api-v1 1.1.6+78d798af4f
	- fabric-command-api-v1 1.2.40+f71b366f4f
	- fabric-command-api-v2 2.2.19+78d798af4f
	- fabric-commands-v0 0.2.57+df3654b34f
	- fabric-containers-v0 0.1.82+df3654b34f
	- fabric-content-registries-v0 5.0.9+78d798af4f
	- fabric-convention-tags-v1 1.5.9+78d798af4f
	- fabric-crash-report-info-v1 0.2.22+78d798af4f
	- fabric-data-generation-api-v1 13.1.18+78d798af4f
	- fabric-dimensions-v1 2.1.60+78d798af4f
	- fabric-entity-events-v1 1.5.28+4ced05924f
	- fabric-events-interaction-v0 0.7.0+389931eb4f
	- fabric-events-lifecycle-v0 0.2.71+df3654b34f
	- fabric-game-rule-api-v1 1.0.45+78d798af4f
	- fabric-gametest-api-v1 1.2.19+78d798af4f
	- fabric-item-api-v1 2.1.34+78d798af4f
	- fabric-item-group-api-v1 4.0.20+78d798af4f
	- fabric-key-binding-api-v1 1.0.40+78d798af4f
	- fabric-keybindings-v0 0.2.38+df3654b34f
	- fabric-lifecycle-events-v1 2.2.29+78d798af4f
	- fabric-loot-api-v2 2.1.4+78d798af4f
	- fabric-message-api-v1 6.0.4+78d798af4f
	- fabric-mining-level-api-v1 2.1.59+78d798af4f
	- fabric-model-loading-api-v1 1.0.7+78d798af4f
	- fabric-models-v0 0.4.6+9386d8a74f
	- fabric-networking-api-v1 3.1.3+875cc1474f
	- fabric-object-builder-api-v1 13.0.8+06274a474f
	- fabric-particles-v1 1.1.6+78d798af4f
	- fabric-recipe-api-v1 2.0.16+78d798af4f
	- fabric-registry-sync-v0 4.0.14+78d798af4f
	- fabric-renderer-api-v1 3.2.3+78d798af4f
	- fabric-renderer-indigo 1.5.3+78d798af4f
	- fabric-renderer-registries-v1 3.2.50+df3654b34f
	- fabric-rendering-data-attachment-v1 0.3.41+73761d2e4f
	- fabric-rendering-fluids-v1 3.0.32+78d798af4f
	- fabric-rendering-v0 1.1.53+df3654b34f
	- fabric-rendering-v1 3.0.12+78d798af4f
	- fabric-resource-conditions-api-v1 2.3.13+78d798af4f
	- fabric-resource-loader-v0 0.11.15+78d798af4f
	- fabric-screen-api-v1 2.0.16+78d798af4f
	- fabric-screen-handler-api-v1 1.3.51+78d798af4f
	- fabric-sound-api-v1 1.0.16+78d798af4f
	- fabric-transfer-api-v1 4.0.6+78d798af4f
	- fabric-transitive-access-wideners-v1 5.0.13+78d798af4f
	- fabricloader 0.15.10
	- java 17
	- minecraft 1.20.4
	- mixinextras 0.3.5
	- utdmod 1.0.0
[02:11:57] [main/INFO] (FabricLoader/Mixin) SpongePowered MIXIN Subsystem Version=0.8.5 Source=file:/home/lenovo/.gradle/caches/modules-2/files-2.1/net.fabricmc/sponge-mixin/0.13.3+mixin.0.8.5/9527e6b0d2449408958fd1302594dc65ec5ade9c/sponge-mixin-0.13.3+mixin.0.8.5.jar Service=Knot/Fabric Env=CLIENT
[02:11:57] [main/INFO] (FabricLoader/Mixin) Loaded Fabric development mappings for mixin remapper!
[02:11:57] [main/INFO] (FabricLoader/Mixin) Compatibility level set to JAVA_17
[02:12:01] [main/INFO] (FabricLoader/MixinExtras|Service) Initializing MixinExtras via com.llamalad7.mixinextras.service.MixinExtrasServiceImpl(version=0.3.5).
[02:12:17] [Datafixer Bootstrap/INFO] (Minecraft) 198 Datafixer optimizations took 379 milliseconds
[02:12:24] [Render thread/INFO] (Minecraft) Environment: Environment[sessionHost=https://sessionserver.mojang.com, servicesHost=https://api.minecraftservices.com, name=PROD]
[02:12:24] [Render thread/INFO] (Minecraft) Setting user: Player862
[02:12:24] [Render thread/INFO] (utdmod) Registered UTD items.
[02:12:24] [Render thread/INFO] (utdmod) Registered UTD blocks.
[02:12:24] [Render thread/INFO] (utdmod) Registering Tension System...
[02:12:24] [Render thread/INFO] (utdmod) Tension System registered.
[02:12:25] [Render thread/INFO] (fabric-networking-api-v1) Force Packet Serialization is enabled to mimic remote connection on single player, this is the default behaviour on dev env. Add -Dfabric-api.networking.force-packet-serialization=false JVM arg to disable it.
[02:12:25] [Render thread/INFO] (Indigo) [Indigo] Registering Indigo renderer!
[02:12:26] [Render thread/INFO] (Minecraft) Backend library: LWJGL version 3.3.2-snapshot
[02:12:31] [Render thread/INFO] (Minecraft) Reloading ResourceManager: vanilla, fabric (fabric-renderer-api-v1, fabric-rendering-v0, utdmod, fabric-networking-api-v1, fabric-screen-handler-api-v1, fabric-loot-api-v2, fabric-renderer-registries-v1, fabric-block-api-v1, fabric-renderer-indigo, fabric-resource-conditions-api-v1, fabric-models-v0, fabric-commands-v0, fabric-resource-loader-v0, fabric-gametest-api-v1, fabric-data-generation-api-v1, fabric-object-builder-api-v1, fabric-crash-report-info-v1, fabric-item-api-v1, fabric-recipe-api-v1, fabric-transfer-api-v1, fabric-model-loading-api-v1, fabric-api, fabric-events-interaction-v0, fabric-content-registries-v0, fabricloader, fabric-item-group-api-v1, fabric-registry-sync-v0, fabric-dimensions-v1, fabric-game-rule-api-v1, fabric-rendering-v1, fabric-key-binding-api-v1, fabric-command-api-v2, fabric-convention-tags-v1, fabric-rendering-fluids-v1, fabric-containers-v0, fabric-block-view-api-v2, fabric-screen-api-v1, fabric-lifecycle-events-v1, fabric-particles-v1, fabric-api-lookup-api-v1, fabric-sound-api-v1, fabric-events-lifecycle-v0, fabric-api-base, fabric-message-api-v1, fabric-biome-api-v1, fabric-command-api-v1, fabric-mining-level-api-v1, fabric-rendering-data-attachment-v1, fabric-entity-events-v1, fabric-blockrenderlayer-v1, fabric-transitive-access-wideners-v1, fabric-keybindings-v0, fabric-client-tags-api-v1)
[02:12:33] [Worker-Main-2/INFO] (Minecraft) Found unifont_all_no_pua-15.1.04.hex, loading
[02:12:41] [Worker-Main-3/WARN] (Minecraft) Missing textures in model utdmod:ritual_block#inventory:
    minecraft:textures/atlas/blocks.png:utdmod:block/ritual_block
[02:12:41] [Worker-Main-3/WARN] (Minecraft) Missing textures in model utdmod:signal_probe#inventory:
    minecraft:textures/atlas/blocks.png:utdmod:item/signal_probe
[02:12:41] [Worker-Main-3/WARN] (Minecraft) Missing textures in model utdmod:ritual_block#:
    minecraft:textures/atlas/blocks.png:utdmod:block/ritual_block
[02:12:41] [Worker-Main-3/WARN] (Minecraft) Missing textures in model utdmod:warding_crystal#inventory:
    minecraft:textures/atlas/blocks.png:utdmod:item/warding_crystal
[02:12:41] [Render thread/WARN] (Minecraft) Missing sound for event: minecraft:item.goat_horn.play
[02:12:41] [Render thread/WARN] (Minecraft) Missing sound for event: minecraft:entity.goat.screaming.horn_break
[02:12:41] [Render thread/WARN] (Minecraft) Missing sound for event: minecraft:entity.generic.wind_burst
[02:12:42] [Render thread/INFO] (Minecraft) OpenAL initialized on device Built-in Audio Analog Stereo
[02:12:42] [Render thread/INFO] (Minecraft) Sound engine started
[02:12:42] [Render thread/INFO] (Minecraft) Created: 1024x512x4 minecraft:textures/atlas/blocks.png-atlas
[02:12:42] [Render thread/INFO] (Minecraft) Created: 256x256x4 minecraft:textures/atlas/signs.png-atlas
[02:12:42] [Render thread/INFO] (Minecraft) Created: 512x512x4 minecraft:textures/atlas/banner_patterns.png-atlas
[02:12:42] [Render thread/INFO] (Minecraft) Created: 512x512x4 minecraft:textures/atlas/shield_patterns.png-atlas
[02:12:42] [Render thread/INFO] (Minecraft) Created: 1024x1024x4 minecraft:textures/atlas/armor_trims.png-atlas
[02:12:42] [Render thread/INFO] (Minecraft) Created: 256x256x4 minecraft:textures/atlas/chest.png-atlas
[02:12:42] [Render thread/INFO] (Minecraft) Created: 128x64x4 minecraft:textures/atlas/decorated_pot.png-atlas
[02:12:42] [Render thread/INFO] (Minecraft) Created: 512x256x4 minecraft:textures/atlas/beds.png-atlas
[02:12:42] [Render thread/INFO] (Minecraft) Created: 512x256x4 minecraft:textures/atlas/shulker_boxes.png-atlas
[02:12:43] [Render thread/WARN] (Minecraft) Shader rendertype_entity_translucent_emissive could not find sampler named Sampler2 in the specified shader program.
[02:12:43] [Render thread/INFO] (Minecraft) Created: 512x256x0 minecraft:textures/atlas/particles.png-atlas
[02:12:43] [Render thread/INFO] (Minecraft) Created: 256x256x0 minecraft:textures/atlas/paintings.png-atlas
[02:12:43] [Render thread/INFO] (Minecraft) Created: 128x128x0 minecraft:textures/atlas/mob_effects.png-atlas
[02:12:43] [Render thread/INFO] (Minecraft) Created: 1024x512x0 minecraft:textures/atlas/gui.png-atlas
[02:12:50] [IO-Worker-1/INFO] (Minecraft) Could not authorize you against Realms server: java.lang.RuntimeException: Failed to parse into SignedJWT: FabricMC
[02:13:06] [Render thread/INFO] (Minecraft) Loaded 7 recipes
[02:13:07] [Render thread/INFO] (Minecraft) Loaded 1271 advancements
[02:13:08] [Render thread/INFO] (BiomeModificationImpl) Applied 0 biome modifications to 0 of 64 new biomes in 2.546 ms
[02:13:08] [Server thread/INFO] (Minecraft) Starting integrated minecraft server version 1.20.4
[02:13:08] [Server thread/INFO] (Minecraft) Generating keypair
[02:13:16] [Server thread/INFO] (Minecraft) Preparing start region for dimension minecraft:overworld
[02:13:32] [Render thread/INFO] (Minecraft) Preparing spawn area: 0%
[02:13:32] [Render thread/INFO] (Minecraft) Preparing spawn area: 0%
[02:13:32] [Render thread/INFO] (Minecraft) Preparing spawn area: 0%
[02:13:32] [Render thread/INFO] (Minecraft) Preparing spawn area: 0%
[02:13:33] [Render thread/INFO] (Minecraft) Preparing spawn area: 0%
[02:13:33] [Render thread/INFO] (Minecraft) Preparing spawn area: 0%
[02:13:33] [Render thread/INFO] (Minecraft) Preparing spawn area: 0%
[02:13:33] [Render thread/INFO] (Minecraft) Preparing spawn area: 0%
[02:13:33] [Render thread/INFO] (Minecraft) Preparing spawn area: 0%
[02:13:33] [Render thread/INFO] (Minecraft) Preparing spawn area: 0%
[02:13:33] [Render thread/INFO] (Minecraft) Preparing spawn area: 0%
[02:13:33] [Render thread/INFO] (Minecraft) Preparing spawn area: 0%
[02:13:33] [Render thread/INFO] (Minecraft) Preparing spawn area: 0%
[02:13:33] [Render thread/INFO] (Minecraft) Preparing spawn area: 0%
[02:13:33] [Render thread/INFO] (Minecraft) Preparing spawn area: 0%
[02:13:33] [Render thread/INFO] (Minecraft) Preparing spawn area: 0%
[02:13:33] [Render thread/INFO] (Minecraft) Preparing spawn area: 0%
[02:13:33] [Render thread/INFO] (Minecraft) Preparing spawn area: 0%
[02:13:33] [Render thread/INFO] (Minecraft) Preparing spawn area: 0%
[02:13:33] [Render thread/INFO] (Minecraft) Preparing spawn area: 0%
[02:13:33] [Render thread/INFO] (Minecraft) Preparing spawn area: 0%
[02:13:33] [Render thread/INFO] (Minecraft) Preparing spawn area: 0%
[02:13:33] [Render thread/INFO] (Minecraft) Preparing spawn area: 0%
[02:13:33] [Render thread/INFO] (Minecraft) Preparing spawn area: 0%
[02:13:33] [Render thread/INFO] (Minecraft) Preparing spawn area: 0%
[02:13:33] [Render thread/INFO] (Minecraft) Preparing spawn area: 0%
[02:13:33] [Render thread/INFO] (Minecraft) Preparing spawn area: 0%
[02:13:33] [Render thread/INFO] (Minecraft) Preparing spawn area: 0%
[02:13:33] [Render thread/INFO] (Minecraft) Preparing spawn area: 0%
[02:13:33] [Render thread/INFO] (Minecraft) Preparing spawn area: 0%
[02:13:33] [Render thread/INFO] (Minecraft) Preparing spawn area: 0%
[02:13:33] [Render thread/INFO] (Minecraft) Preparing spawn area: 0%
[02:13:33] [Render thread/INFO] (Minecraft) Preparing spawn area: 0%
[02:13:33] [Render thread/INFO] (Minecraft) Preparing spawn area: 0%
[02:13:33] [Render thread/INFO] (Minecraft) Preparing spawn area: 0%
[02:13:34] [Render thread/INFO] (Minecraft) Preparing spawn area: 0%
[02:13:34] [Render thread/INFO] (Minecraft) Preparing spawn area: 0%
[02:13:35] [Render thread/INFO] (Minecraft) Preparing spawn area: 0%
[02:13:35] [Render thread/INFO] (Minecraft) Preparing spawn area: 0%
[02:13:36] [Render thread/INFO] (Minecraft) Preparing spawn area: 0%
[02:13:36] [Render thread/INFO] (Minecraft) Preparing spawn area: 0%
[02:13:37] [Render thread/INFO] (Minecraft) Preparing spawn area: 0%
[02:13:37] [Render thread/INFO] (Minecraft) Preparing spawn area: 0%
[02:13:38] [Render thread/INFO] (Minecraft) Preparing spawn area: 9%
[02:13:38] [Render thread/INFO] (Minecraft) Preparing spawn area: 23%
[02:13:39] [Render thread/INFO] (Minecraft) Preparing spawn area: 44%
[02:13:39] [Render thread/INFO] (Minecraft) Preparing spawn area: 82%
[02:13:40] [Render thread/INFO] (Minecraft) Time elapsed: 23590 ms
[02:13:40] [Server thread/INFO] (Minecraft) Changing view distance to 12, from 10
[02:13:40] [Server thread/INFO] (Minecraft) Changing simulation distance to 12, from 0
[02:13:41] [Server thread/INFO] (utdmod) [TM] add: 0.0 -> 0.1
[02:13:42] [Server thread/INFO] (Minecraft) Player862[local:E:9bc91e5f] logged in with entity id 83 at (-1349.4144771885178, 68.9375, 154.45415538017792)
[02:13:42] [Server thread/INFO] (Minecraft) Player862 joined the game
[02:13:42] [Server thread/INFO] (Minecraft) Player862 has made the advancement [Stone Age]
[02:13:42] [Server thread/INFO] (Minecraft) Player862 has made the advancement [Getting an Upgrade]
[02:13:44] [Render thread/INFO] (Minecraft) [System] [CHAT] Player862 has made the advancement [Stone Age]
[02:13:44] [Render thread/INFO] (Minecraft) [System] [CHAT] Player862 has made the advancement [Getting an Upgrade]
[02:13:46] [Server thread/WARN] (Minecraft) Can't keep up! Is the server overloaded? Running 4038ms or 80 ticks behind
[02:13:46] [Render thread/INFO] (Minecraft) Loaded 53 advancements
[02:13:46] [Server thread/INFO] (utdmod) [TM] add: 0.1 -> 0.2
[02:13:47] [Server thread/INFO] (utdmod) [TM] add: 0.2 -> 0.30000000000000004
[02:13:48] [Server thread/INFO] (utdmod) [TM] add: 0.30000000000000004 -> 0.4
[02:13:49] [Server thread/INFO] (utdmod) [TM] add: 0.4 -> 0.5
[02:13:51] [Server thread/INFO] (utdmod) [TM] add: 0.5 -> 0.6
[02:13:53] [Server thread/INFO] (utdmod) [TM] add: 0.6 -> 0.7
[02:13:54] [Server thread/INFO] (utdmod) [TM] add: 0.7 -> 0.7999999999999999
[02:13:55] [Server thread/INFO] (utdmod) [TM] add: 0.7999999999999999 -> 0.8999999999999999
[02:13:57] [Server thread/INFO] (utdmod) [TM] add: 0.8999999999999999 -> 0.9999999999999999
[02:13:58] [Server thread/INFO] (utdmod) [TM] add: 0.9999999999999999 -> 1.0999999999999999
[02:14:00] [Server thread/INFO] (utdmod) [TM] add: 1.0999999999999999 -> 1.2
[02:14:03] [Server thread/INFO] (utdmod) [TM] add: 1.2 -> 1.3
[02:14:05] [Server thread/INFO] (utdmod) [TM] add: 1.3 -> 1.4000000000000001
[02:14:07] [Server thread/INFO] (utdmod) [TM] add: 1.4000000000000001 -> 1.5000000000000002
[02:14:09] [Server thread/INFO] (utdmod) [TM] add: 1.5000000000000002 -> 1.6000000000000003
[02:14:10] [Server thread/WARN] (Minecraft) Can't keep up! Is the server overloaded? Running 9467ms or 189 ticks behind
[02:14:10] [Server thread/INFO] (utdmod) [TM] add: 1.6000000000000003 -> 1.7000000000000004
[02:14:12] [Server thread/INFO] (utdmod) [TM] add: 1.7000000000000004 -> 1.8000000000000005
[02:14:14] [Server thread/INFO] (utdmod) [TM] add: 1.8000000000000005 -> 1.9000000000000006
[02:14:16] [Server thread/INFO] (utdmod) [TM] add: 1.9000000000000006 -> 2.0000000000000004
[02:14:17] [Server thread/INFO] (utdmod) [TM] add: 2.0000000000000004 -> 2.1000000000000005
[02:14:17] [Server thread/INFO] (Minecraft) [Player862: Set own game mode to Creative Mode]
[02:14:17] [Render thread/INFO] (Minecraft) [System] [CHAT] Set own game mode to Creative Mode
[02:14:18] [Server thread/INFO] (utdmod) [TM] add: 2.1000000000000005 -> 2.2000000000000006
[02:14:20] [Server thread/INFO] (utdmod) [TM] add: 2.2000000000000006 -> 2.3000000000000007
[02:14:21] [Server thread/INFO] (utdmod) [TM] add: 2.3000000000000007 -> 2.400000000000001
[02:14:22] [Server thread/INFO] (utdmod) [TM] add: 2.400000000000001 -> 2.500000000000001
[02:14:22] [Server thread/INFO] (utdmod) [TM] add: 2.500000000000001 -> 2.600000000000001
[02:14:23] [Server thread/INFO] (utdmod) [TM] add: 2.600000000000001 -> 2.700000000000001
[02:14:24] [Server thread/INFO] (utdmod) [TM] add: 2.700000000000001 -> 2.800000000000001
[02:14:24] [Server thread/INFO] (utdmod) [TM] add: 2.800000000000001 -> 2.9000000000000012
[02:14:25] [Server thread/INFO] (utdmod) [TM] add: 2.9000000000000012 -> 3.0000000000000013
[02:14:27] [Server thread/INFO] (utdmod) [TM] add: 3.0000000000000013 -> 3.1000000000000014
[02:14:27] [Server thread/WARN] (Minecraft) Can't keep up! Is the server overloaded? Running 2294ms or 45 ticks behind
[02:14:28] [Server thread/INFO] (utdmod) [TM] add: 3.1000000000000014 -> 3.2000000000000015
[02:14:29] [Server thread/INFO] (utdmod) [TM] add: 3.2000000000000015 -> 3.3000000000000016
[02:14:32] [Server thread/INFO] (utdmod) [TM] add: 3.3000000000000016 -> 3.4000000000000017
[02:14:36] [Server thread/INFO] (utdmod) [TM] add: 3.4000000000000017 -> 3.5000000000000018
[02:14:39] [Server thread/INFO] (Minecraft) Saving and pausing game...
[02:14:39] [Server thread/INFO] (Minecraft) Saving chunks for level 'ServerLevel[check mod]'/minecraft:overworld
[02:14:44] [Server thread/INFO] (Minecraft) Saving chunks for level 'ServerLevel[check mod]'/minecraft:the_end
[02:14:44] [Server thread/INFO] (Minecraft) Saving chunks for level 'ServerLevel[check mod]'/minecraft:the_nether
[02:14:45] [Server thread/INFO] (Minecraft) Player862 lost connection: Disconnected
[02:14:45] [Server thread/INFO] (Minecraft) Player862 left the game
[02:14:45] [Server thread/INFO] (Minecraft) Stopping singleplayer server as player logged out
[02:14:45] [Server thread/INFO] (utdmod) [TM] add: 3.5000000000000018 -> 3.600000000000002
[02:14:45] [Server thread/INFO] (Minecraft) Stopping server
[02:14:45] [Server thread/INFO] (Minecraft) Saving players
[02:14:45] [Server thread/INFO] (Minecraft) Saving worlds
[02:14:49] [Server thread/INFO] (Minecraft) Saving chunks for level 'ServerLevel[check mod]'/minecraft:overworld
[02:14:50] [Server thread/INFO] (Minecraft) Saving chunks for level 'ServerLevel[check mod]'/minecraft:the_end
[02:14:50] [Server thread/INFO] (Minecraft) Saving chunks for level 'ServerLevel[check mod]'/minecraft:the_nether
[02:14:50] [Server thread/INFO] (Minecraft) ThreadedAnvilChunkStorage (check mod): All chunks are saved
[02:14:50] [Server thread/INFO] (Minecraft) ThreadedAnvilChunkStorage (DIM1): All chunks are saved
[02:14:50] [Server thread/INFO] (Minecraft) ThreadedAnvilChunkStorage (DIM-1): All chunks are saved
[02:14:50] [Server thread/INFO] (Minecraft) ThreadedAnvilChunkStorage: All dimensions are saved
[02:14:54] [Render thread/INFO] (Minecraft) Stopping!

BUILD SUCCESSFUL in 3m 3s
7 actionable tasks: 3 executed, 4 up-to-date
