
> Configure project :
Fabric Loom: 1.6.12

> Task :compileJava
> Task :processResources UP-TO-DATE
> Task :classes
> Task :generateDLIConfig
> Task :generateLog4jConfig
> Task :generateRemapClasspath UP-TO-DATE
> Task :configureLaunch
> Task :downloadAssets UP-TO-DATE
> Task :configureClientLaunch

> Task :runClient
[23:51:29] [main/INFO] (FabricLoader/GameProvider) Loading Minecraft 1.20.4 with Fabric Loader 0.15.10
[23:51:30] [main/INFO] (FabricLoader) Loading 56 mods:
	- fabric-api 0.92.1+1.20.4
	- fabric-api-base 0.4.35+78d798af4f
	- fabric-api-lookup-api-v1 1.6.45+78d798af4f
	- fabric-biome-api-v1 13.0.15+78d798af4f
	- fabric-block-api-v1 1.0.14+78d798af4f
	- fabric-block-view-api-v2 1.0.3+78d798af4f
	- fabric-blockrenderlayer-v1 1.1.45+78d798af4f
	- fabric-client-tags-api-v1 1.1.6+78d798af4f
	- fabric-command-api-v1 1.2.40+f71b366f4f
	- fabric-command-api-v2 2.2.19+78d798af4f
	- fabric-commands-v0 0.2.57+df3654b34f
	- fabric-containers-v0 0.1.82+df3654b34f
	- fabric-content-registries-v0 5.0.9+78d798af4f
	- fabric-convention-tags-v1 1.5.9+78d798af4f
	- fabric-crash-report-info-v1 0.2.22+78d798af4f
	- fabric-data-generation-api-v1 13.1.18+78d798af4f
	- fabric-dimensions-v1 2.1.60+78d798af4f
	- fabric-entity-events-v1 1.5.28+4ced05924f
	- fabric-events-interaction-v0 0.7.0+389931eb4f
	- fabric-events-lifecycle-v0 0.2.71+df3654b34f
	- fabric-game-rule-api-v1 1.0.45+78d798af4f
	- fabric-gametest-api-v1 1.2.19+78d798af4f
	- fabric-item-api-v1 2.1.34+78d798af4f
	- fabric-item-group-api-v1 4.0.20+78d798af4f
	- fabric-key-binding-api-v1 1.0.40+78d798af4f
	- fabric-keybindings-v0 0.2.38+df3654b34f
	- fabric-lifecycle-events-v1 2.2.29+78d798af4f
	- fabric-loot-api-v2 2.1.4+78d798af4f
	- fabric-message-api-v1 6.0.4+78d798af4f
	- fabric-mining-level-api-v1 2.1.59+78d798af4f
	- fabric-model-loading-api-v1 1.0.7+78d798af4f
	- fabric-models-v0 0.4.6+9386d8a74f
	- fabric-networking-api-v1 3.1.3+875cc1474f
	- fabric-object-builder-api-v1 13.0.8+06274a474f
	- fabric-particles-v1 1.1.6+78d798af4f
	- fabric-recipe-api-v1 2.0.16+78d798af4f
	- fabric-registry-sync-v0 4.0.14+78d798af4f
	- fabric-renderer-api-v1 3.2.3+78d798af4f
	- fabric-renderer-indigo 1.5.3+78d798af4f
	- fabric-renderer-registries-v1 3.2.50+df3654b34f
	- fabric-rendering-data-attachment-v1 0.3.41+73761d2e4f
	- fabric-rendering-fluids-v1 3.0.32+78d798af4f
	- fabric-rendering-v0 1.1.53+df3654b34f
	- fabric-rendering-v1 3.0.12+78d798af4f
	- fabric-resource-conditions-api-v1 2.3.13+78d798af4f
	- fabric-resource-loader-v0 0.11.15+78d798af4f
	- fabric-screen-api-v1 2.0.16+78d798af4f
	- fabric-screen-handler-api-v1 1.3.51+78d798af4f
	- fabric-sound-api-v1 1.0.16+78d798af4f
	- fabric-transfer-api-v1 4.0.6+78d798af4f
	- fabric-transitive-access-wideners-v1 5.0.13+78d798af4f
	- fabricloader 0.15.10
	- java 17
	- minecraft 1.20.4
	- mixinextras 0.3.5
	- utdmod 1.0.0
[23:51:30] [main/INFO] (FabricLoader/Mixin) SpongePowered MIXIN Subsystem Version=0.8.5 Source=file:/home/lenovo/.gradle/caches/modules-2/files-2.1/net.fabricmc/sponge-mixin/0.13.3+mixin.0.8.5/9527e6b0d2449408958fd1302594dc65ec5ade9c/sponge-mixin-0.13.3+mixin.0.8.5.jar Service=Knot/Fabric Env=CLIENT
[23:51:30] [main/INFO] (FabricLoader/Mixin) Loaded Fabric development mappings for mixin remapper!
[23:51:31] [main/INFO] (FabricLoader/Mixin) Compatibility level set to JAVA_17
[23:51:33] [main/INFO] (FabricLoader/MixinExtras|Service) Initializing MixinExtras via com.llamalad7.mixinextras.service.MixinExtrasServiceImpl(version=0.3.5).
[23:51:42] [Datafixer Bootstrap/INFO] (Minecraft) 198 Datafixer optimizations took 228 milliseconds
[23:51:46] [Render thread/INFO] (Minecraft) Environment: Environment[sessionHost=https://sessionserver.mojang.com, servicesHost=https://api.minecraftservices.com, name=PROD]
[23:51:46] [Render thread/INFO] (Minecraft) Setting user: Player917
[23:51:47] [Render thread/INFO] (utdmod) Initializing Unstable Tension Dynamics Mod...
[23:51:47] [Render thread/INFO] (utdmod) Registering Mod Items for utdmod
[23:51:47] [Render thread/INFO] (utdmod) [UTD] Registering blocks...
[23:51:47] [Render thread/INFO] (utdmod) [UTD] Blocks OK
[23:51:47] [Render thread/INFO] (utdmod) Registering Item Group for utdmod
[23:51:47] [Render thread/INFO] (utdmod) UTD Mod Initialization Complete.
[23:51:47] [Render thread/INFO] (fabric-networking-api-v1) Force Packet Serialization is enabled to mimic remote connection on single player, this is the default behaviour on dev env. Add -Dfabric-api.networking.force-packet-serialization=false JVM arg to disable it.
[23:51:47] [Render thread/INFO] (Indigo) [Indigo] Registering Indigo renderer!
[23:51:49] [Render thread/INFO] (Minecraft) Backend library: LWJGL version 3.3.2-snapshot
[23:51:52] [Render thread/INFO] (Minecraft) Reloading ResourceManager: vanilla, fabric (fabric-rendering-fluids-v1, fabric-rendering-data-attachment-v1, fabric-content-registries-v0, fabric-resource-loader-v0, fabric-resource-conditions-api-v1, fabric-events-lifecycle-v0, fabric-rendering-v1, fabric-transitive-access-wideners-v1, fabric-mining-level-api-v1, fabric-renderer-api-v1, fabric-message-api-v1, fabric-api, fabric-api-base, fabric-object-builder-api-v1, fabric-keybindings-v0, fabric-renderer-registries-v1, fabric-game-rule-api-v1, fabric-blockrenderlayer-v1, fabric-loot-api-v2, fabric-particles-v1, fabric-transfer-api-v1, fabric-block-api-v1, fabric-sound-api-v1, fabric-models-v0, fabric-command-api-v1, fabric-item-group-api-v1, utdmod, fabric-block-view-api-v2, fabric-client-tags-api-v1, fabric-biome-api-v1, fabricloader, fabric-registry-sync-v0, fabric-renderer-indigo, fabric-entity-events-v1, fabric-networking-api-v1, fabric-api-lookup-api-v1, fabric-screen-api-v1, fabric-gametest-api-v1, fabric-data-generation-api-v1, fabric-containers-v0, fabric-commands-v0, fabric-dimensions-v1, fabric-screen-handler-api-v1, fabric-lifecycle-events-v1, fabric-command-api-v2, fabric-rendering-v0, fabric-crash-report-info-v1, fabric-key-binding-api-v1, fabric-events-interaction-v0, fabric-item-api-v1, fabric-model-loading-api-v1, fabric-convention-tags-v1, fabric-recipe-api-v1)
[23:51:53] [Worker-Main-1/INFO] (Minecraft) Found unifont_all_no_pua-15.1.04.hex, loading
[23:51:58] [Render thread/WARN] (Minecraft) Missing sound for event: minecraft:item.goat_horn.play
[23:51:58] [Render thread/WARN] (Minecraft) Missing sound for event: minecraft:entity.goat.screaming.horn_break
[23:51:58] [Render thread/WARN] (Minecraft) Missing sound for event: minecraft:entity.generic.wind_burst
[23:51:58] [Render thread/INFO] (Minecraft) OpenAL initialized on device Built-in Audio Analog Stereo
[23:51:58] [Render thread/INFO] (Minecraft) Sound engine started
[23:51:58] [Render thread/INFO] (Minecraft) Created: 1024x512x4 minecraft:textures/atlas/blocks.png-atlas
[23:51:58] [Render thread/INFO] (Minecraft) Created: 256x256x4 minecraft:textures/atlas/signs.png-atlas
[23:51:58] [Render thread/INFO] (Minecraft) Created: 512x512x4 minecraft:textures/atlas/banner_patterns.png-atlas
[23:51:58] [Render thread/INFO] (Minecraft) Created: 512x512x4 minecraft:textures/atlas/shield_patterns.png-atlas
[23:51:58] [Render thread/INFO] (Minecraft) Created: 1024x1024x4 minecraft:textures/atlas/armor_trims.png-atlas
[23:51:58] [Render thread/INFO] (Minecraft) Created: 256x256x4 minecraft:textures/atlas/chest.png-atlas
[23:51:58] [Render thread/INFO] (Minecraft) Created: 128x64x4 minecraft:textures/atlas/decorated_pot.png-atlas
[23:51:58] [Render thread/INFO] (Minecraft) Created: 512x256x4 minecraft:textures/atlas/beds.png-atlas
[23:51:58] [Render thread/INFO] (Minecraft) Created: 512x256x4 minecraft:textures/atlas/shulker_boxes.png-atlas
[23:51:59] [Render thread/WARN] (Minecraft) Shader rendertype_entity_translucent_emissive could not find sampler named Sampler2 in the specified shader program.
[23:52:00] [Render thread/INFO] (Minecraft) Created: 512x256x0 minecraft:textures/atlas/particles.png-atlas
[23:52:00] [Render thread/INFO] (Minecraft) Created: 256x256x0 minecraft:textures/atlas/paintings.png-atlas
[23:52:00] [Render thread/INFO] (Minecraft) Created: 128x128x0 minecraft:textures/atlas/mob_effects.png-atlas
[23:52:00] [Render thread/INFO] (Minecraft) Created: 1024x512x0 minecraft:textures/atlas/gui.png-atlas
[23:52:03] [IO-Worker-1/INFO] (Minecraft) Could not authorize you against Realms server: java.lang.RuntimeException: Failed to parse into SignedJWT: FabricMC
[23:52:25] [Render thread/INFO] (Minecraft) Loaded 7 recipes
[23:52:26] [Render thread/INFO] (Minecraft) Loaded 1271 advancements
[23:52:26] [Render thread/INFO] (BiomeModificationImpl) Applied 0 biome modifications to 0 of 64 new biomes in 2.332 ms
[23:52:26] [Server thread/INFO] (Minecraft) Starting integrated minecraft server version 1.20.4
[23:52:26] [Server thread/INFO] (Minecraft) Generating keypair
[23:52:32] [Server thread/INFO] (Minecraft) Preparing start region for dimension minecraft:overworld
[23:52:43] [Render thread/INFO] (Minecraft) Preparing spawn area: 0%
[23:52:43] [Render thread/INFO] (Minecraft) Preparing spawn area: 0%
[23:52:43] [Render thread/INFO] (Minecraft) Preparing spawn area: 0%
[23:52:43] [Render thread/INFO] (Minecraft) Preparing spawn area: 0%
[23:52:43] [Render thread/INFO] (Minecraft) Preparing spawn area: 0%
[23:52:43] [Render thread/INFO] (Minecraft) Preparing spawn area: 0%
[23:52:43] [Render thread/INFO] (Minecraft) Preparing spawn area: 0%
[23:52:43] [Render thread/INFO] (Minecraft) Preparing spawn area: 0%
[23:52:43] [Render thread/INFO] (Minecraft) Preparing spawn area: 0%
[23:52:43] [Render thread/INFO] (Minecraft) Preparing spawn area: 0%
[23:52:43] [Render thread/INFO] (Minecraft) Preparing spawn area: 0%
[23:52:43] [Render thread/INFO] (Minecraft) Preparing spawn area: 0%
[23:52:43] [Render thread/INFO] (Minecraft) Preparing spawn area: 0%
[23:52:44] [Render thread/INFO] (Minecraft) Preparing spawn area: 0%
[23:52:44] [Render thread/INFO] (Minecraft) Preparing spawn area: 0%
[23:52:44] [Render thread/INFO] (Minecraft) Preparing spawn area: 0%
[23:52:44] [Render thread/INFO] (Minecraft) Preparing spawn area: 0%
[23:52:44] [Render thread/INFO] (Minecraft) Preparing spawn area: 0%
[23:52:44] [Render thread/INFO] (Minecraft) Preparing spawn area: 0%
[23:52:44] [Render thread/INFO] (Minecraft) Preparing spawn area: 0%
[23:52:44] [Render thread/INFO] (Minecraft) Preparing spawn area: 0%
[23:52:44] [Render thread/INFO] (Minecraft) Preparing spawn area: 0%
[23:52:44] [Render thread/INFO] (Minecraft) Preparing spawn area: 0%
[23:52:44] [Render thread/INFO] (Minecraft) Preparing spawn area: 0%
[23:52:44] [Render thread/INFO] (Minecraft) Preparing spawn area: 0%
[23:52:44] [Render thread/INFO] (Minecraft) Preparing spawn area: 0%
[23:52:45] [Render thread/INFO] (Minecraft) Preparing spawn area: 0%
[23:52:45] [Render thread/INFO] (Minecraft) Preparing spawn area: 24%
[23:52:46] [Render thread/INFO] (Minecraft) Preparing spawn area: 69%
[23:52:46] [Render thread/INFO] (Minecraft) Time elapsed: 14302 ms
[23:52:46] [Server thread/INFO] (Minecraft) Changing view distance to 12, from 10
[23:52:46] [Server thread/INFO] (Minecraft) Changing simulation distance to 12, from 0
[23:52:48] [Server thread/INFO] (Minecraft) Player917[local:E:407620b7] logged in with entity id 80 at (-1397.5, 77.0, 138.5)
[23:52:48] [Server thread/INFO] (Minecraft) Player917 joined the game
[23:52:48] [Server thread/INFO] (Minecraft) Player917 has made the advancement [Stone Age]
[23:52:48] [Server thread/INFO] (Minecraft) Player917 has made the advancement [Getting an Upgrade]
[23:52:50] [Render thread/INFO] (Minecraft) [System] [CHAT] Player917 has made the advancement [Stone Age]
[23:52:50] [Render thread/INFO] (Minecraft) [System] [CHAT] Player917 has made the advancement [Getting an Upgrade]
[23:52:52] [Render thread/INFO] (Minecraft) Loaded 52 advancements
[23:52:52] [Server thread/WARN] (Minecraft) Can't keep up! Is the server overloaded? Running 4016ms or 80 ticks behind
[23:52:58] [Server thread/INFO] (Minecraft) Player917 has made the advancement [Sweet Dreams]
[23:52:58] [Render thread/INFO] (Minecraft) [System] [CHAT] Player917 has made the advancement [Sweet Dreams]
[23:52:58] [Render thread/INFO] (Minecraft) Loaded 57 advancements
[23:53:10] [Server thread/WARN] (Minecraft) Can't keep up! Is the server overloaded? Running 3164ms or 63 ticks behind
[23:53:14] [Render thread/INFO] (Minecraft) [System] [CHAT] 🌀 Ritual calmed the tension from 0.20 to 0.00
[23:53:14] [Render thread/INFO] (Minecraft) [System] [CHAT] Tension: 0.00
[23:53:20] [Render thread/INFO] (Minecraft) [System] [CHAT] 🌀 Ritual calmed the tension from 0.20 to 0.00
[23:53:20] [Render thread/INFO] (Minecraft) [System] [CHAT] 🌀 Ritual calmed the tension from 0.00 to 0.00
[23:53:29] [Render thread/INFO] (Minecraft) Loaded 58 advancements
[23:53:30] [Server thread/WARN] (Minecraft) Can't keep up! Is the server overloaded? Running 4774ms or 95 ticks behind
[23:53:39] [Render thread/INFO] (Minecraft) [System] [CHAT] 🌀 Ritual calmed the tension from 0.20 to 0.00
[23:53:39] [Render thread/INFO] (Minecraft) [System] [CHAT] Tension: 0.00
[23:53:41] [Render thread/INFO] (Minecraft) [System] [CHAT] Tension: 0.20
[23:53:48] [Render thread/INFO] (Minecraft) [System] [CHAT] Tension: 0.20
[23:53:50] [Render thread/INFO] (Minecraft) [System] [CHAT] Tension: 0.20
[23:53:50] [Server thread/WARN] (Minecraft) Can't keep up! Is the server overloaded? Running 2001ms or 40 ticks behind
[23:53:53] [Render thread/INFO] (Minecraft) [System] [CHAT] Tension: 0.20
[23:53:58] [Render thread/INFO] (Minecraft) [System] [CHAT] Tension: 0.20
[23:54:00] [Server thread/INFO] (Minecraft) Saving and pausing game...
[23:54:00] [Server thread/INFO] (Minecraft) Saving chunks for level 'ServerLevel[check mod]'/minecraft:overworld
[23:54:03] [Server thread/INFO] (Minecraft) Saving chunks for level 'ServerLevel[check mod]'/minecraft:the_nether
[23:54:03] [Server thread/INFO] (Minecraft) Saving chunks for level 'ServerLevel[check mod]'/minecraft:the_end
[23:54:03] [Server thread/INFO] (Minecraft) Player917 lost connection: Disconnected
[23:54:03] [Server thread/INFO] (Minecraft) Player917 left the game
[23:54:03] [Server thread/INFO] (Minecraft) Stopping singleplayer server as player logged out
[23:54:03] [Server thread/INFO] (Minecraft) Stopping server
[23:54:03] [Server thread/INFO] (Minecraft) Saving players
[23:54:03] [Server thread/INFO] (Minecraft) Saving worlds
[23:54:04] [Server thread/INFO] (Minecraft) Saving chunks for level 'ServerLevel[check mod]'/minecraft:overworld
[23:54:05] [Server thread/INFO] (Minecraft) Saving chunks for level 'ServerLevel[check mod]'/minecraft:the_nether
[23:54:05] [Server thread/INFO] (Minecraft) Saving chunks for level 'ServerLevel[check mod]'/minecraft:the_end
[23:54:05] [Server thread/INFO] (Minecraft) ThreadedAnvilChunkStorage (check mod): All chunks are saved
[23:54:05] [Server thread/INFO] (Minecraft) ThreadedAnvilChunkStorage (DIM-1): All chunks are saved
[23:54:05] [Server thread/INFO] (Minecraft) ThreadedAnvilChunkStorage (DIM1): All chunks are saved
[23:54:05] [Server thread/INFO] (Minecraft) ThreadedAnvilChunkStorage: All dimensions are saved
[23:54:09] [Render thread/INFO] (Minecraft) Stopping!

BUILD SUCCESSFUL in 2m 49s
7 actionable tasks: 4 executed, 3 up-to-date
