
> Configure project :
Fabric Loom: 1.6.12

> Task :compileJava UP-TO-DATE
> Task :processResources UP-TO-DATE
> Task :classes UP-TO-DATE
> Task :generateDLIConfig
> Task :generateLog4jConfig
> Task :generateRemapClasspath UP-TO-DATE
> Task :configureLaunch
> Task :downloadAssets UP-TO-DATE
> Task :configureClientLaunch

> Task :runClient
[23:09:21] [main/INFO] (FabricLoader/GameProvider) Loading Minecraft 1.20.4 with Fabric Loader 0.15.10
[23:09:22] [main/INFO] (FabricLoader) Loading 56 mods:
	- fabric-api 0.92.1+1.20.4
	- fabric-api-base 0.4.35+78d798af4f
	- fabric-api-lookup-api-v1 1.6.45+78d798af4f
	- fabric-biome-api-v1 13.0.15+78d798af4f
	- fabric-block-api-v1 1.0.14+78d798af4f
	- fabric-block-view-api-v2 1.0.3+78d798af4f
	- fabric-blockrenderlayer-v1 1.1.45+78d798af4f
	- fabric-client-tags-api-v1 1.1.6+78d798af4f
	- fabric-command-api-v1 1.2.40+f71b366f4f
	- fabric-command-api-v2 2.2.19+78d798af4f
	- fabric-commands-v0 0.2.57+df3654b34f
	- fabric-containers-v0 0.1.82+df3654b34f
	- fabric-content-registries-v0 5.0.9+78d798af4f
	- fabric-convention-tags-v1 1.5.9+78d798af4f
	- fabric-crash-report-info-v1 0.2.22+78d798af4f
	- fabric-data-generation-api-v1 13.1.18+78d798af4f
	- fabric-dimensions-v1 2.1.60+78d798af4f
	- fabric-entity-events-v1 1.5.28+4ced05924f
	- fabric-events-interaction-v0 0.7.0+389931eb4f
	- fabric-events-lifecycle-v0 0.2.71+df3654b34f
	- fabric-game-rule-api-v1 1.0.45+78d798af4f
	- fabric-gametest-api-v1 1.2.19+78d798af4f
	- fabric-item-api-v1 2.1.34+78d798af4f
	- fabric-item-group-api-v1 4.0.20+78d798af4f
	- fabric-key-binding-api-v1 1.0.40+78d798af4f
	- fabric-keybindings-v0 0.2.38+df3654b34f
	- fabric-lifecycle-events-v1 2.2.29+78d798af4f
	- fabric-loot-api-v2 2.1.4+78d798af4f
	- fabric-message-api-v1 6.0.4+78d798af4f
	- fabric-mining-level-api-v1 2.1.59+78d798af4f
	- fabric-model-loading-api-v1 1.0.7+78d798af4f
	- fabric-models-v0 0.4.6+9386d8a74f
	- fabric-networking-api-v1 3.1.3+875cc1474f
	- fabric-object-builder-api-v1 13.0.8+06274a474f
	- fabric-particles-v1 1.1.6+78d798af4f
	- fabric-recipe-api-v1 2.0.16+78d798af4f
	- fabric-registry-sync-v0 4.0.14+78d798af4f
	- fabric-renderer-api-v1 3.2.3+78d798af4f
	- fabric-renderer-indigo 1.5.3+78d798af4f
	- fabric-renderer-registries-v1 3.2.50+df3654b34f
	- fabric-rendering-data-attachment-v1 0.3.41+73761d2e4f
	- fabric-rendering-fluids-v1 3.0.32+78d798af4f
	- fabric-rendering-v0 1.1.53+df3654b34f
	- fabric-rendering-v1 3.0.12+78d798af4f
	- fabric-resource-conditions-api-v1 2.3.13+78d798af4f
	- fabric-resource-loader-v0 0.11.15+78d798af4f
	- fabric-screen-api-v1 2.0.16+78d798af4f
	- fabric-screen-handler-api-v1 1.3.51+78d798af4f
	- fabric-sound-api-v1 1.0.16+78d798af4f
	- fabric-transfer-api-v1 4.0.6+78d798af4f
	- fabric-transitive-access-wideners-v1 5.0.13+78d798af4f
	- fabricloader 0.15.10
	- java 17
	- minecraft 1.20.4
	- mixinextras 0.3.5
	- utdmod 1.0.0
[23:09:22] [main/INFO] (FabricLoader/Mixin) SpongePowered MIXIN Subsystem Version=0.8.5 Source=file:/home/lenovo/.gradle/caches/modules-2/files-2.1/net.fabricmc/sponge-mixin/0.13.3+mixin.0.8.5/9527e6b0d2449408958fd1302594dc65ec5ade9c/sponge-mixin-0.13.3+mixin.0.8.5.jar Service=Knot/Fabric Env=CLIENT
[23:09:23] [main/INFO] (FabricLoader/Mixin) Loaded Fabric development mappings for mixin remapper!
[23:09:23] [main/INFO] (FabricLoader/Mixin) Compatibility level set to JAVA_17
[23:09:24] [main/INFO] (FabricLoader/MixinExtras|Service) Initializing MixinExtras via com.llamalad7.mixinextras.service.MixinExtrasServiceImpl(version=0.3.5).
[23:09:36] [Datafixer Bootstrap/INFO] (Minecraft) 198 Datafixer optimizations took 627 milliseconds
[23:09:40] [Render thread/INFO] (Minecraft) Environment: Environment[sessionHost=https://sessionserver.mojang.com, servicesHost=https://api.minecraftservices.com, name=PROD]
[23:09:40] [Render thread/INFO] (Minecraft) Setting user: Player607
[23:09:40] [Render thread/INFO] (fabric-networking-api-v1) Force Packet Serialization is enabled to mimic remote connection on single player, this is the default behaviour on dev env. Add -Dfabric-api.networking.force-packet-serialization=false JVM arg to disable it.
[23:09:40] [Render thread/INFO] (utdmod) Initializing Unstable Tension Dynamics Mod...
[23:09:40] [Render thread/INFO] (utdmod) Registering Mod Items for utdmod
[23:09:40] [Render thread/INFO] (utdmod) [UTD] Registering blocks...
[23:09:40] [Render thread/INFO] (utdmod) [UTD] Blocks OK
[23:09:40] [Render thread/INFO] (utdmod) Registering Item Group for utdmod
[23:09:40] [Render thread/INFO] (utdmod) UTD Mod Initialization Complete.
[23:09:40] [Render thread/INFO] (Indigo) [Indigo] Registering Indigo renderer!
[23:09:41] [Render thread/INFO] (Minecraft) Backend library: LWJGL version 3.3.2-snapshot
[23:09:44] [Render thread/INFO] (Minecraft) Reloading ResourceManager: vanilla, fabric (fabric-registry-sync-v0, fabric-api-base, fabric-content-registries-v0, fabric-crash-report-info-v1, fabric-game-rule-api-v1, fabric-item-group-api-v1, fabric-events-interaction-v0, fabric-resource-conditions-api-v1, fabric-rendering-v0, fabric-data-generation-api-v1, fabric-key-binding-api-v1, fabric-resource-loader-v0, fabric-keybindings-v0, fabric-transitive-access-wideners-v1, fabric-screen-handler-api-v1, fabric-screen-api-v1, fabric-renderer-registries-v1, fabric-recipe-api-v1, fabric-biome-api-v1, fabric-mining-level-api-v1, fabric-block-view-api-v2, fabric-message-api-v1, fabric-transfer-api-v1, fabric-api-lookup-api-v1, fabric-models-v0, fabric-loot-api-v2, fabric-renderer-api-v1, fabric-networking-api-v1, fabric-entity-events-v1, fabric-renderer-indigo, fabric-command-api-v2, fabric-events-lifecycle-v0, fabric-rendering-v1, fabric-dimensions-v1, utdmod, fabric-lifecycle-events-v1, fabric-api, fabric-command-api-v1, fabric-rendering-fluids-v1, fabric-rendering-data-attachment-v1, fabric-commands-v0, fabric-object-builder-api-v1, fabric-sound-api-v1, fabric-convention-tags-v1, fabric-containers-v0, fabric-model-loading-api-v1, fabric-item-api-v1, fabric-blockrenderlayer-v1, fabric-block-api-v1, fabric-gametest-api-v1, fabric-client-tags-api-v1, fabric-particles-v1, fabricloader)
[23:09:45] [Worker-Main-2/INFO] (Minecraft) Found unifont_all_no_pua-15.1.04.hex, loading
[23:09:52] [Render thread/WARN] (Minecraft) Missing sound for event: minecraft:item.goat_horn.play
[23:09:52] [Render thread/WARN] (Minecraft) Missing sound for event: minecraft:entity.goat.screaming.horn_break
[23:09:52] [Render thread/WARN] (Minecraft) Missing sound for event: minecraft:entity.generic.wind_burst
[23:09:52] [Render thread/INFO] (Minecraft) OpenAL initialized on device Built-in Audio Analog Stereo
[23:09:52] [Render thread/INFO] (Minecraft) Sound engine started
[23:09:52] [Render thread/INFO] (Minecraft) Created: 1024x512x4 minecraft:textures/atlas/blocks.png-atlas
[23:09:52] [Render thread/INFO] (Minecraft) Created: 256x256x4 minecraft:textures/atlas/signs.png-atlas
[23:09:52] [Render thread/INFO] (Minecraft) Created: 512x512x4 minecraft:textures/atlas/banner_patterns.png-atlas
[23:09:52] [Render thread/INFO] (Minecraft) Created: 512x512x4 minecraft:textures/atlas/shield_patterns.png-atlas
[23:09:52] [Render thread/INFO] (Minecraft) Created: 1024x1024x4 minecraft:textures/atlas/armor_trims.png-atlas
[23:09:52] [Render thread/INFO] (Minecraft) Created: 256x256x4 minecraft:textures/atlas/chest.png-atlas
[23:09:52] [Render thread/INFO] (Minecraft) Created: 128x64x4 minecraft:textures/atlas/decorated_pot.png-atlas
[23:09:53] [Render thread/INFO] (Minecraft) Created: 512x256x4 minecraft:textures/atlas/beds.png-atlas
[23:09:53] [Render thread/INFO] (Minecraft) Created: 512x256x4 minecraft:textures/atlas/shulker_boxes.png-atlas
[23:09:53] [Render thread/WARN] (Minecraft) Shader rendertype_entity_translucent_emissive could not find sampler named Sampler2 in the specified shader program.
[23:09:53] [Render thread/INFO] (Minecraft) Created: 512x256x0 minecraft:textures/atlas/particles.png-atlas
[23:09:53] [Render thread/INFO] (Minecraft) Created: 256x256x0 minecraft:textures/atlas/paintings.png-atlas
[23:09:53] [Render thread/INFO] (Minecraft) Created: 128x128x0 minecraft:textures/atlas/mob_effects.png-atlas
[23:09:53] [Render thread/INFO] (Minecraft) Created: 1024x512x0 minecraft:textures/atlas/gui.png-atlas
[23:09:55] [IO-Worker-1/INFO] (Minecraft) Could not authorize you against Realms server: java.lang.RuntimeException: Failed to parse into SignedJWT: FabricMC
[23:10:03] [Render thread/INFO] (Minecraft) Loaded 7 recipes
[23:10:03] [Render thread/INFO] (Minecraft) Loaded 1271 advancements
[23:10:04] [Render thread/INFO] (BiomeModificationImpl) Applied 0 biome modifications to 0 of 64 new biomes in 2.422 ms
[23:10:04] [Server thread/INFO] (Minecraft) Starting integrated minecraft server version 1.20.4
[23:10:04] [Server thread/INFO] (Minecraft) Generating keypair
[23:10:09] [Server thread/INFO] (Minecraft) Preparing start region for dimension minecraft:overworld
[23:10:27] [Render thread/INFO] (Minecraft) Preparing spawn area: 0%
[23:10:27] [Render thread/INFO] (Minecraft) Preparing spawn area: 0%
[23:10:27] [Render thread/INFO] (Minecraft) Preparing spawn area: 0%
[23:10:27] [Render thread/INFO] (Minecraft) Preparing spawn area: 0%
[23:10:27] [Render thread/INFO] (Minecraft) Preparing spawn area: 0%
[23:10:27] [Render thread/INFO] (Minecraft) Preparing spawn area: 0%
[23:10:27] [Render thread/INFO] (Minecraft) Preparing spawn area: 0%
[23:10:27] [Render thread/INFO] (Minecraft) Preparing spawn area: 0%
[23:10:27] [Render thread/INFO] (Minecraft) Preparing spawn area: 0%
[23:10:27] [Render thread/INFO] (Minecraft) Preparing spawn area: 0%
[23:10:27] [Render thread/INFO] (Minecraft) Preparing spawn area: 0%
[23:10:27] [Render thread/INFO] (Minecraft) Preparing spawn area: 0%
[23:10:27] [Render thread/INFO] (Minecraft) Preparing spawn area: 0%
[23:10:27] [Render thread/INFO] (Minecraft) Preparing spawn area: 0%
[23:10:27] [Render thread/INFO] (Minecraft) Preparing spawn area: 0%
[23:10:27] [Render thread/INFO] (Minecraft) Preparing spawn area: 0%
[23:10:27] [Render thread/INFO] (Minecraft) Preparing spawn area: 0%
[23:10:27] [Render thread/INFO] (Minecraft) Preparing spawn area: 0%
[23:10:27] [Render thread/INFO] (Minecraft) Preparing spawn area: 0%
[23:10:27] [Render thread/INFO] (Minecraft) Preparing spawn area: 0%
[23:10:27] [Render thread/INFO] (Minecraft) Preparing spawn area: 0%
[23:10:27] [Render thread/INFO] (Minecraft) Preparing spawn area: 0%
[23:10:27] [Render thread/INFO] (Minecraft) Preparing spawn area: 0%
[23:10:27] [Render thread/INFO] (Minecraft) Preparing spawn area: 0%
[23:10:27] [Render thread/INFO] (Minecraft) Preparing spawn area: 0%
[23:10:27] [Render thread/INFO] (Minecraft) Preparing spawn area: 0%
[23:10:27] [Render thread/INFO] (Minecraft) Preparing spawn area: 0%
[23:10:27] [Render thread/INFO] (Minecraft) Preparing spawn area: 0%
[23:10:27] [Render thread/INFO] (Minecraft) Preparing spawn area: 0%
[23:10:27] [Render thread/INFO] (Minecraft) Preparing spawn area: 0%
[23:10:27] [Render thread/INFO] (Minecraft) Preparing spawn area: 0%
[23:10:27] [Render thread/INFO] (Minecraft) Preparing spawn area: 0%
[23:10:27] [Render thread/INFO] (Minecraft) Preparing spawn area: 0%
[23:10:27] [Render thread/INFO] (Minecraft) Preparing spawn area: 0%
[23:10:27] [Render thread/INFO] (Minecraft) Preparing spawn area: 0%
[23:10:27] [Render thread/INFO] (Minecraft) Preparing spawn area: 0%
[23:10:27] [Render thread/INFO] (Minecraft) Preparing spawn area: 0%
[23:10:28] [Render thread/INFO] (Minecraft) Preparing spawn area: 0%
[23:10:28] [Render thread/INFO] (Minecraft) Preparing spawn area: 0%
[23:10:29] [Render thread/INFO] (Minecraft) Preparing spawn area: 0%
[23:10:29] [Render thread/INFO] (Minecraft) Preparing spawn area: 1%
[23:10:30] [Render thread/INFO] (Minecraft) Preparing spawn area: 10%
[23:10:30] [Render thread/INFO] (Minecraft) Preparing spawn area: 17%
[23:10:31] [Render thread/INFO] (Minecraft) Preparing spawn area: 42%
[23:10:31] [Render thread/INFO] (Minecraft) Preparing spawn area: 55%
[23:10:32] [Render thread/INFO] (Minecraft) Preparing spawn area: 80%
[23:10:33] [Render thread/INFO] (Minecraft) Preparing spawn area: 83%
[23:10:33] [Render thread/INFO] (Minecraft) Preparing spawn area: 83%
[23:10:35] [Render thread/INFO] (Minecraft) Preparing spawn area: 85%
[23:10:35] [Render thread/INFO] (Minecraft) Preparing spawn area: 85%
[23:10:35] [Render thread/INFO] (Minecraft) Preparing spawn area: 85%
[23:10:35] [Render thread/INFO] (Minecraft) Preparing spawn area: 85%
[23:10:35] [Render thread/INFO] (Minecraft) Time elapsed: 25892 ms
[23:10:35] [Server thread/INFO] (Minecraft) Changing view distance to 12, from 10
[23:10:35] [Server thread/INFO] (Minecraft) Changing simulation distance to 12, from 0
[23:10:39] [Server thread/INFO] (Minecraft) Player607[local:E:cf20f3c5] logged in with entity id 81 at (-1459.300000011921, 74.0, 161.68680462493626)
[23:10:39] [Server thread/INFO] (Minecraft) Player607 joined the game
[23:10:39] [Server thread/INFO] (Minecraft) Player607 has made the advancement [Stone Age]
[23:10:39] [Server thread/INFO] (Minecraft) Player607 has made the advancement [Getting an Upgrade]
[23:10:39] [Server thread/WARN] (Minecraft) Can't keep up! Is the server overloaded? Running 2133ms or 42 ticks behind
[23:10:44] [Render thread/INFO] (Minecraft) [System] [CHAT] Player607 has made the advancement [Stone Age]
[23:10:44] [Render thread/INFO] (Minecraft) [System] [CHAT] Player607 has made the advancement [Getting an Upgrade]
[23:10:48] [Render thread/INFO] (Minecraft) Loaded 52 advancements
[23:11:00] [Server thread/WARN] (Minecraft) Can't keep up! Is the server overloaded? Running 6005ms or 120 ticks behind
[23:11:19] [Render thread/INFO] (Minecraft) [System] [CHAT] 🌀 Ritual calmed the tension from 0.20 to 0.00
[23:11:19] [Render thread/INFO] (Minecraft) [System] [CHAT] Tension: 0.00
[23:11:20] [Server thread/WARN] (Minecraft) Can't keep up! Is the server overloaded? Running 4586ms or 91 ticks behind
[23:11:24] [Render thread/INFO] (Minecraft) [System] [CHAT] 🌀 Ritual calmed the tension from 0.20 to 0.00
[23:11:24] [Render thread/INFO] (Minecraft) [System] [CHAT] Tension: 0.00
[23:11:27] [Render thread/INFO] (Minecraft) [System] [CHAT] 🌀 Ritual calmed the tension from 0.20 to 0.00
[23:11:27] [Render thread/INFO] (Minecraft) [System] [CHAT] 🌀 Ritual calmed the tension from 0.00 to 0.00
[23:11:28] [Render thread/INFO] (Minecraft) [System] [CHAT] 🌀 Ritual calmed the tension from 0.20 to 0.00
[23:11:28] [Render thread/INFO] (Minecraft) [System] [CHAT] 🌀 Ritual calmed the tension from 0.00 to 0.00
[23:11:41] [Server thread/WARN] (Minecraft) Can't keep up! Is the server overloaded? Running 5843ms or 116 ticks behind
[23:11:53] [Server thread/INFO] (Minecraft) Player607 has made the advancement [Sweet Dreams]
[23:11:53] [Render thread/INFO] (Minecraft) [System] [CHAT] Player607 has made the advancement [Sweet Dreams]
[23:11:53] [Render thread/INFO] (Minecraft) Loaded 57 advancements
[23:11:55] [Server thread/INFO] (Minecraft) Saving and pausing game...
[23:11:55] [Server thread/INFO] (Minecraft) Saving chunks for level 'ServerLevel[check mod]'/minecraft:overworld
[23:11:56] [Server thread/INFO] (Minecraft) Saving chunks for level 'ServerLevel[check mod]'/minecraft:the_nether
[23:11:56] [Server thread/INFO] (Minecraft) Saving chunks for level 'ServerLevel[check mod]'/minecraft:the_end
[23:11:56] [Server thread/INFO] (Minecraft) Player607 lost connection: Disconnected
[23:11:56] [Server thread/INFO] (Minecraft) Player607 left the game
[23:11:56] [Server thread/INFO] (Minecraft) Stopping singleplayer server as player logged out
[23:11:56] [Server thread/INFO] (Minecraft) Stopping server
[23:11:56] [Server thread/INFO] (Minecraft) Saving players
[23:11:56] [Server thread/INFO] (Minecraft) Saving worlds
[23:11:57] [Server thread/INFO] (Minecraft) Saving chunks for level 'ServerLevel[check mod]'/minecraft:overworld
[23:11:58] [Server thread/INFO] (Minecraft) Saving chunks for level 'ServerLevel[check mod]'/minecraft:the_nether
[23:11:58] [Server thread/INFO] (Minecraft) Saving chunks for level 'ServerLevel[check mod]'/minecraft:the_end
[23:11:58] [Server thread/INFO] (Minecraft) ThreadedAnvilChunkStorage (check mod): All chunks are saved
[23:11:58] [Server thread/INFO] (Minecraft) ThreadedAnvilChunkStorage (DIM-1): All chunks are saved
[23:11:58] [Server thread/INFO] (Minecraft) ThreadedAnvilChunkStorage (DIM1): All chunks are saved
[23:11:58] [Server thread/INFO] (Minecraft) ThreadedAnvilChunkStorage: All dimensions are saved
[23:12:00] [Render thread/INFO] (Minecraft) Stopping!

BUILD SUCCESSFUL in 2m 42s
7 actionable tasks: 3 executed, 4 up-to-date
