
> Configure project :
Fabric Loom: 1.6.12

> Task :compileJava
Note: /home/lenovo/Projects/mods/new_world/src/main/java/com/utdmod/blocks/RitualBlock.java uses or overrides a deprecated API.
Note: Recompile with -Xlint:deprecation for details.

> Task :processResources UP-TO-DATE
> Task :classes
> Task :generateDLIConfig
> Task :generateLog4jConfig
> Task :generateRemapClasspath UP-TO-DATE
> Task :configureLaunch
> Task :downloadAssets UP-TO-DATE
> Task :configureClientLaunch

> Task :runClient
[01:05:56] [main/INFO] (FabricLoader/GameProvider) Loading Minecraft 1.20.4 with Fabric Loader 0.15.10
[01:05:57] [main/INFO] (FabricLoader) Loading 56 mods:
	- fabric-api 0.92.1+1.20.4
	- fabric-api-base 0.4.35+78d798af4f
	- fabric-api-lookup-api-v1 1.6.45+78d798af4f
	- fabric-biome-api-v1 13.0.15+78d798af4f
	- fabric-block-api-v1 1.0.14+78d798af4f
	- fabric-block-view-api-v2 1.0.3+78d798af4f
	- fabric-blockrenderlayer-v1 1.1.45+78d798af4f
	- fabric-client-tags-api-v1 1.1.6+78d798af4f
	- fabric-command-api-v1 1.2.40+f71b366f4f
	- fabric-command-api-v2 2.2.19+78d798af4f
	- fabric-commands-v0 0.2.57+df3654b34f
	- fabric-containers-v0 0.1.82+df3654b34f
	- fabric-content-registries-v0 5.0.9+78d798af4f
	- fabric-convention-tags-v1 1.5.9+78d798af4f
	- fabric-crash-report-info-v1 0.2.22+78d798af4f
	- fabric-data-generation-api-v1 13.1.18+78d798af4f
	- fabric-dimensions-v1 2.1.60+78d798af4f
	- fabric-entity-events-v1 1.5.28+4ced05924f
	- fabric-events-interaction-v0 0.7.0+389931eb4f
	- fabric-events-lifecycle-v0 0.2.71+df3654b34f
	- fabric-game-rule-api-v1 1.0.45+78d798af4f
	- fabric-gametest-api-v1 1.2.19+78d798af4f
	- fabric-item-api-v1 2.1.34+78d798af4f
	- fabric-item-group-api-v1 4.0.20+78d798af4f
	- fabric-key-binding-api-v1 1.0.40+78d798af4f
	- fabric-keybindings-v0 0.2.38+df3654b34f
	- fabric-lifecycle-events-v1 2.2.29+78d798af4f
	- fabric-loot-api-v2 2.1.4+78d798af4f
	- fabric-message-api-v1 6.0.4+78d798af4f
	- fabric-mining-level-api-v1 2.1.59+78d798af4f
	- fabric-model-loading-api-v1 1.0.7+78d798af4f
	- fabric-models-v0 0.4.6+9386d8a74f
	- fabric-networking-api-v1 3.1.3+875cc1474f
	- fabric-object-builder-api-v1 13.0.8+06274a474f
	- fabric-particles-v1 1.1.6+78d798af4f
	- fabric-recipe-api-v1 2.0.16+78d798af4f
	- fabric-registry-sync-v0 4.0.14+78d798af4f
	- fabric-renderer-api-v1 3.2.3+78d798af4f
	- fabric-renderer-indigo 1.5.3+78d798af4f
	- fabric-renderer-registries-v1 3.2.50+df3654b34f
	- fabric-rendering-data-attachment-v1 0.3.41+73761d2e4f
	- fabric-rendering-fluids-v1 3.0.32+78d798af4f
	- fabric-rendering-v0 1.1.53+df3654b34f
	- fabric-rendering-v1 3.0.12+78d798af4f
	- fabric-resource-conditions-api-v1 2.3.13+78d798af4f
	- fabric-resource-loader-v0 0.11.15+78d798af4f
	- fabric-screen-api-v1 2.0.16+78d798af4f
	- fabric-screen-handler-api-v1 1.3.51+78d798af4f
	- fabric-sound-api-v1 1.0.16+78d798af4f
	- fabric-transfer-api-v1 4.0.6+78d798af4f
	- fabric-transitive-access-wideners-v1 5.0.13+78d798af4f
	- fabricloader 0.15.10
	- java 17
	- minecraft 1.20.4
	- mixinextras 0.3.5
	- utdmod 1.0.0
[01:05:57] [main/INFO] (FabricLoader/Mixin) SpongePowered MIXIN Subsystem Version=0.8.5 Source=file:/home/lenovo/.gradle/caches/modules-2/files-2.1/net.fabricmc/sponge-mixin/0.13.3+mixin.0.8.5/9527e6b0d2449408958fd1302594dc65ec5ade9c/sponge-mixin-0.13.3+mixin.0.8.5.jar Service=Knot/Fabric Env=CLIENT
[01:05:57] [main/INFO] (FabricLoader/Mixin) Loaded Fabric development mappings for mixin remapper!
[01:05:57] [main/INFO] (FabricLoader/Mixin) Compatibility level set to JAVA_17
[01:06:01] [main/INFO] (FabricLoader/MixinExtras|Service) Initializing MixinExtras via com.llamalad7.mixinextras.service.MixinExtrasServiceImpl(version=0.3.5).
[01:06:13] [Datafixer Bootstrap/INFO] (Minecraft) 198 Datafixer optimizations took 518 milliseconds
[01:06:16] [Render thread/INFO] (Minecraft) Environment: Environment[sessionHost=https://sessionserver.mojang.com, servicesHost=https://api.minecraftservices.com, name=PROD]
[01:06:16] [Render thread/INFO] (Minecraft) Setting user: Player620
[01:06:17] [Render thread/INFO] (fabric-networking-api-v1) Force Packet Serialization is enabled to mimic remote connection on single player, this is the default behaviour on dev env. Add -Dfabric-api.networking.force-packet-serialization=false JVM arg to disable it.
[01:06:17] [Render thread/INFO] (utdmod) Registering Tension System...
[01:06:17] [Render thread/INFO] (utdmod) Tension System registered.
[01:06:17] [Render thread/INFO] (Indigo) [Indigo] Registering Indigo renderer!
[01:06:18] [Render thread/INFO] (Minecraft) Backend library: LWJGL version 3.3.2-snapshot
[01:06:21] [Render thread/INFO] (Minecraft) Reloading ResourceManager: vanilla, fabric (fabric-client-tags-api-v1, fabric-object-builder-api-v1, fabric-key-binding-api-v1, fabric-crash-report-info-v1, fabric-screen-handler-api-v1, fabric-lifecycle-events-v1, fabric-api-lookup-api-v1, fabric-command-api-v2, fabric-game-rule-api-v1, fabric-renderer-registries-v1, fabric-message-api-v1, fabric-block-view-api-v2, fabric-recipe-api-v1, fabric-registry-sync-v0, fabric-resource-loader-v0, fabric-resource-conditions-api-v1, fabric-rendering-v0, fabric-renderer-indigo, fabric-events-interaction-v0, fabric-rendering-v1, fabric-networking-api-v1, fabric-loot-api-v2, fabric-keybindings-v0, fabric-command-api-v1, fabric-transitive-access-wideners-v1, fabric-mining-level-api-v1, fabric-containers-v0, fabric-sound-api-v1, fabric-particles-v1, fabric-model-loading-api-v1, fabric-block-api-v1, fabric-biome-api-v1, fabric-item-api-v1, fabric-events-lifecycle-v0, fabric-gametest-api-v1, fabric-commands-v0, fabricloader, fabric-models-v0, fabric-renderer-api-v1, fabric-content-registries-v0, fabric-rendering-fluids-v1, fabric-item-group-api-v1, fabric-rendering-data-attachment-v1, fabric-entity-events-v1, fabric-convention-tags-v1, fabric-blockrenderlayer-v1, utdmod, fabric-data-generation-api-v1, fabric-api, fabric-api-base, fabric-transfer-api-v1, fabric-screen-api-v1, fabric-dimensions-v1)
[01:06:21] [Worker-Main-3/INFO] (Minecraft) Found unifont_all_no_pua-15.1.04.hex, loading
[01:06:26] [Render thread/WARN] (Minecraft) Missing sound for event: minecraft:item.goat_horn.play
[01:06:26] [Render thread/WARN] (Minecraft) Missing sound for event: minecraft:entity.goat.screaming.horn_break
[01:06:26] [Render thread/WARN] (Minecraft) Missing sound for event: minecraft:entity.generic.wind_burst
[01:06:27] [Render thread/INFO] (Minecraft) OpenAL initialized on device Built-in Audio Analog Stereo
[01:06:27] [Render thread/INFO] (Minecraft) Sound engine started
[01:06:27] [Render thread/INFO] (Minecraft) Created: 1024x512x4 minecraft:textures/atlas/blocks.png-atlas
[01:06:27] [Render thread/INFO] (Minecraft) Created: 256x256x4 minecraft:textures/atlas/signs.png-atlas
[01:06:27] [Render thread/INFO] (Minecraft) Created: 512x512x4 minecraft:textures/atlas/shield_patterns.png-atlas
[01:06:27] [Render thread/INFO] (Minecraft) Created: 512x512x4 minecraft:textures/atlas/banner_patterns.png-atlas
[01:06:27] [Render thread/INFO] (Minecraft) Created: 1024x1024x4 minecraft:textures/atlas/armor_trims.png-atlas
[01:06:27] [Render thread/INFO] (Minecraft) Created: 128x64x4 minecraft:textures/atlas/decorated_pot.png-atlas
[01:06:27] [Render thread/INFO] (Minecraft) Created: 256x256x4 minecraft:textures/atlas/chest.png-atlas
[01:06:27] [Render thread/INFO] (Minecraft) Created: 512x256x4 minecraft:textures/atlas/beds.png-atlas
[01:06:27] [Render thread/INFO] (Minecraft) Created: 512x256x4 minecraft:textures/atlas/shulker_boxes.png-atlas
[01:06:28] [Render thread/WARN] (Minecraft) Shader rendertype_entity_translucent_emissive could not find sampler named Sampler2 in the specified shader program.
[01:06:28] [Render thread/INFO] (Minecraft) Created: 512x256x0 minecraft:textures/atlas/particles.png-atlas
[01:06:28] [Render thread/INFO] (Minecraft) Created: 256x256x0 minecraft:textures/atlas/paintings.png-atlas
[01:06:28] [Render thread/INFO] (Minecraft) Created: 128x128x0 minecraft:textures/atlas/mob_effects.png-atlas
[01:06:28] [Render thread/INFO] (Minecraft) Created: 1024x512x0 minecraft:textures/atlas/gui.png-atlas
[01:06:43] [Render thread/ERROR] (Minecraft) Parsing error loading recipe utdmod:warding_crystal
com.google.gson.JsonParseException: Item must not be minecraft:air
	at net.minecraft.util.Util.getResult(Util.java:1005) ~[minecraft-merged-4eb9d75495-1.20.4-net.fabricmc.yarn.1_20_4.1.20.4+build.2-v2.jar:?]
	at net.minecraft.recipe.RecipeManager.deserialize(RecipeManager.java:131) ~[minecraft-merged-4eb9d75495-1.20.4-net.fabricmc.yarn.1_20_4.1.20.4+build.2-v2.jar:?]
	at net.minecraft.recipe.RecipeManager.apply(RecipeManager.java:56) ~[minecraft-merged-4eb9d75495-1.20.4-net.fabricmc.yarn.1_20_4.1.20.4+build.2-v2.jar:?]
	at net.minecraft.recipe.RecipeManager.apply(RecipeManager.java:35) ~[minecraft-merged-4eb9d75495-1.20.4-net.fabricmc.yarn.1_20_4.1.20.4+build.2-v2.jar:?]
	at net.minecraft.resource.SinglePreparationResourceReloader.method_18790(SinglePreparationResourceReloader.java:13) ~[minecraft-merged-4eb9d75495-1.20.4-net.fabricmc.yarn.1_20_4.1.20.4+build.2-v2.jar:?]
	at java.util.concurrent.CompletableFuture$UniAccept.tryFire(CompletableFuture.java:718) ~[?:?]
	at java.util.concurrent.CompletableFuture$Completion.run(CompletableFuture.java:482) ~[?:?]
	at net.minecraft.resource.SimpleResourceReload.method_18365(SimpleResourceReload.java:69) ~[minecraft-merged-4eb9d75495-1.20.4-net.fabricmc.yarn.1_20_4.1.20.4+build.2-v2.jar:?]
	at net.minecraft.util.thread.ThreadExecutor.executeTask(ThreadExecutor.java:156) ~[minecraft-merged-4eb9d75495-1.20.4-net.fabricmc.yarn.1_20_4.1.20.4+build.2-v2.jar:?]
	at net.minecraft.util.thread.ReentrantThreadExecutor.executeTask(ReentrantThreadExecutor.java:23) ~[minecraft-merged-4eb9d75495-1.20.4-net.fabricmc.yarn.1_20_4.1.20.4+build.2-v2.jar:?]
	at net.minecraft.util.thread.ThreadExecutor.runTask(ThreadExecutor.java:130) ~[minecraft-merged-4eb9d75495-1.20.4-net.fabricmc.yarn.1_20_4.1.20.4+build.2-v2.jar:?]
	at net.minecraft.util.thread.ThreadExecutor.runTasks(ThreadExecutor.java:139) ~[minecraft-merged-4eb9d75495-1.20.4-net.fabricmc.yarn.1_20_4.1.20.4+build.2-v2.jar:?]
	at net.minecraft.server.integrated.IntegratedServerLoader.load(IntegratedServerLoader.java:181) ~[minecraft-merged-4eb9d75495-1.20.4-net.fabricmc.yarn.1_20_4.1.20.4+build.2-v2.jar:?]
	at net.minecraft.server.integrated.IntegratedServerLoader.load(IntegratedServerLoader.java:136) ~[minecraft-merged-4eb9d75495-1.20.4-net.fabricmc.yarn.1_20_4.1.20.4+build.2-v2.jar:?]
	at net.minecraft.server.integrated.IntegratedServerLoader.start(IntegratedServerLoader.java:330) ~[minecraft-merged-4eb9d75495-1.20.4-net.fabricmc.yarn.1_20_4.1.20.4+build.2-v2.jar:?]
	at net.minecraft.server.integrated.IntegratedServerLoader.start(IntegratedServerLoader.java:308) ~[minecraft-merged-4eb9d75495-1.20.4-net.fabricmc.yarn.1_20_4.1.20.4+build.2-v2.jar:?]
	at net.minecraft.server.integrated.IntegratedServerLoader.start(IntegratedServerLoader.java:242) ~[minecraft-merged-4eb9d75495-1.20.4-net.fabricmc.yarn.1_20_4.1.20.4+build.2-v2.jar:?]
	at net.minecraft.client.gui.screen.world.WorldListWidget$WorldEntry.play(WorldListWidget.java:440) ~[minecraft-merged-4eb9d75495-1.20.4-net.fabricmc.yarn.1_20_4.1.20.4+build.2-v2.jar:?]
	at net.minecraft.client.gui.screen.world.WorldListWidget$WorldEntry.mouseClicked(WorldListWidget.java:417) ~[minecraft-merged-4eb9d75495-1.20.4-net.fabricmc.yarn.1_20_4.1.20.4+build.2-v2.jar:?]
	at net.minecraft.client.gui.widget.EntryListWidget.mouseClicked(EntryListWidget.java:279) ~[minecraft-merged-4eb9d75495-1.20.4-net.fabricmc.yarn.1_20_4.1.20.4+build.2-v2.jar:?]
	at net.minecraft.client.gui.ParentElement.mouseClicked(ParentElement.java:38) ~[minecraft-merged-4eb9d75495-1.20.4-net.fabricmc.yarn.1_20_4.1.20.4+build.2-v2.jar:?]
	at net.minecraft.client.Mouse.method_1611(Mouse.java:99) ~[minecraft-merged-4eb9d75495-1.20.4-net.fabricmc.yarn.1_20_4.1.20.4+build.2-v2.jar:?]
	at net.minecraft.client.gui.screen.Screen.wrapScreenError(Screen.java:414) ~[minecraft-merged-4eb9d75495-1.20.4-net.fabricmc.yarn.1_20_4.1.20.4+build.2-v2.jar:?]
	at net.minecraft.client.Mouse.onMouseButton(Mouse.java:99) ~[minecraft-merged-4eb9d75495-1.20.4-net.fabricmc.yarn.1_20_4.1.20.4+build.2-v2.jar:?]
	at net.minecraft.client.Mouse.method_22686(Mouse.java:180) ~[minecraft-merged-4eb9d75495-1.20.4-net.fabricmc.yarn.1_20_4.1.20.4+build.2-v2.jar:?]
	at net.minecraft.util.thread.ThreadExecutor.execute(ThreadExecutor.java:102) ~[minecraft-merged-4eb9d75495-1.20.4-net.fabricmc.yarn.1_20_4.1.20.4+build.2-v2.jar:?]
	at net.minecraft.client.Mouse.method_22684(Mouse.java:180) ~[minecraft-merged-4eb9d75495-1.20.4-net.fabricmc.yarn.1_20_4.1.20.4+build.2-v2.jar:?]
	at org.lwjgl.glfw.GLFWMouseButtonCallbackI.callback(GLFWMouseButtonCallbackI.java:43) ~[lwjgl-glfw-3.3.2.jar:build 13]
	at org.lwjgl.system.JNI.invokeV(Native Method) ~[lwjgl-3.3.2.jar:build 13]
	at org.lwjgl.glfw.GLFW.glfwWaitEventsTimeout(GLFW.java:3509) ~[lwjgl-glfw-3.3.2.jar:build 13]
	at com.mojang.blaze3d.systems.RenderSystem.limitDisplayFPS(RenderSystem.java:238) ~[minecraft-merged-4eb9d75495-1.20.4-net.fabricmc.yarn.1_20_4.1.20.4+build.2-v2.jar:?]
	at net.minecraft.client.MinecraftClient.render(MinecraftClient.java:1352) ~[minecraft-merged-4eb9d75495-1.20.4-net.fabricmc.yarn.1_20_4.1.20.4+build.2-v2.jar:?]
	at net.minecraft.client.MinecraftClient.run(MinecraftClient.java:888) ~[minecraft-merged-4eb9d75495-1.20.4-net.fabricmc.yarn.1_20_4.1.20.4+build.2-v2.jar:?]
	at net.minecraft.client.main.Main.main(Main.java:265) ~[minecraft-merged-4eb9d75495-1.20.4-net.fabricmc.yarn.1_20_4.1.20.4+build.2-v2.jar:?]
	at net.fabricmc.loader.impl.game.minecraft.MinecraftGameProvider.launch(MinecraftGameProvider.java:470) ~[fabric-loader-0.15.10.jar:?]
	at net.fabricmc.loader.impl.launch.knot.Knot.launch(Knot.java:74) ~[fabric-loader-0.15.10.jar:?]
	at net.fabricmc.loader.impl.launch.knot.KnotClient.main(KnotClient.java:23) ~[fabric-loader-0.15.10.jar:?]
	at net.fabricmc.devlaunchinjector.Main.main(Main.java:86) ~[dev-launch-injector-0.2.1+build.8.jar:?]
[01:06:43] [Render thread/ERROR] (Minecraft) Parsing error loading recipe utdmod:ritual_block
com.google.gson.JsonParseException: Item must not be minecraft:air; Map entry 'C' : No key tag in MapLike[{"item":"utdmod:warding_crystal"}]; Item must not be minecraft:air; Not a json array: {"item":"utdmod:warding_crystal"}; Input does not contain a key [fabric:type]: MapLike[{"item":"utdmod:warding_crystal"}]
	at net.minecraft.util.Util.getResult(Util.java:1005) ~[minecraft-merged-4eb9d75495-1.20.4-net.fabricmc.yarn.1_20_4.1.20.4+build.2-v2.jar:?]
	at net.minecraft.recipe.RecipeManager.deserialize(RecipeManager.java:131) ~[minecraft-merged-4eb9d75495-1.20.4-net.fabricmc.yarn.1_20_4.1.20.4+build.2-v2.jar:?]
	at net.minecraft.recipe.RecipeManager.apply(RecipeManager.java:56) ~[minecraft-merged-4eb9d75495-1.20.4-net.fabricmc.yarn.1_20_4.1.20.4+build.2-v2.jar:?]
	at net.minecraft.recipe.RecipeManager.apply(RecipeManager.java:35) ~[minecraft-merged-4eb9d75495-1.20.4-net.fabricmc.yarn.1_20_4.1.20.4+build.2-v2.jar:?]
	at net.minecraft.resource.SinglePreparationResourceReloader.method_18790(SinglePreparationResourceReloader.java:13) ~[minecraft-merged-4eb9d75495-1.20.4-net.fabricmc.yarn.1_20_4.1.20.4+build.2-v2.jar:?]
	at java.util.concurrent.CompletableFuture$UniAccept.tryFire(CompletableFuture.java:718) ~[?:?]
	at java.util.concurrent.CompletableFuture$Completion.run(CompletableFuture.java:482) ~[?:?]
	at net.minecraft.resource.SimpleResourceReload.method_18365(SimpleResourceReload.java:69) ~[minecraft-merged-4eb9d75495-1.20.4-net.fabricmc.yarn.1_20_4.1.20.4+build.2-v2.jar:?]
	at net.minecraft.util.thread.ThreadExecutor.executeTask(ThreadExecutor.java:156) ~[minecraft-merged-4eb9d75495-1.20.4-net.fabricmc.yarn.1_20_4.1.20.4+build.2-v2.jar:?]
	at net.minecraft.util.thread.ReentrantThreadExecutor.executeTask(ReentrantThreadExecutor.java:23) ~[minecraft-merged-4eb9d75495-1.20.4-net.fabricmc.yarn.1_20_4.1.20.4+build.2-v2.jar:?]
	at net.minecraft.util.thread.ThreadExecutor.runTask(ThreadExecutor.java:130) ~[minecraft-merged-4eb9d75495-1.20.4-net.fabricmc.yarn.1_20_4.1.20.4+build.2-v2.jar:?]
	at net.minecraft.util.thread.ThreadExecutor.runTasks(ThreadExecutor.java:139) ~[minecraft-merged-4eb9d75495-1.20.4-net.fabricmc.yarn.1_20_4.1.20.4+build.2-v2.jar:?]
	at net.minecraft.server.integrated.IntegratedServerLoader.load(IntegratedServerLoader.java:181) ~[minecraft-merged-4eb9d75495-1.20.4-net.fabricmc.yarn.1_20_4.1.20.4+build.2-v2.jar:?]
	at net.minecraft.server.integrated.IntegratedServerLoader.load(IntegratedServerLoader.java:136) ~[minecraft-merged-4eb9d75495-1.20.4-net.fabricmc.yarn.1_20_4.1.20.4+build.2-v2.jar:?]
	at net.minecraft.server.integrated.IntegratedServerLoader.start(IntegratedServerLoader.java:330) ~[minecraft-merged-4eb9d75495-1.20.4-net.fabricmc.yarn.1_20_4.1.20.4+build.2-v2.jar:?]
	at net.minecraft.server.integrated.IntegratedServerLoader.start(IntegratedServerLoader.java:308) ~[minecraft-merged-4eb9d75495-1.20.4-net.fabricmc.yarn.1_20_4.1.20.4+build.2-v2.jar:?]
	at net.minecraft.server.integrated.IntegratedServerLoader.start(IntegratedServerLoader.java:242) ~[minecraft-merged-4eb9d75495-1.20.4-net.fabricmc.yarn.1_20_4.1.20.4+build.2-v2.jar:?]
	at net.minecraft.client.gui.screen.world.WorldListWidget$WorldEntry.play(WorldListWidget.java:440) ~[minecraft-merged-4eb9d75495-1.20.4-net.fabricmc.yarn.1_20_4.1.20.4+build.2-v2.jar:?]
	at net.minecraft.client.gui.screen.world.WorldListWidget$WorldEntry.mouseClicked(WorldListWidget.java:417) ~[minecraft-merged-4eb9d75495-1.20.4-net.fabricmc.yarn.1_20_4.1.20.4+build.2-v2.jar:?]
	at net.minecraft.client.gui.widget.EntryListWidget.mouseClicked(EntryListWidget.java:279) ~[minecraft-merged-4eb9d75495-1.20.4-net.fabricmc.yarn.1_20_4.1.20.4+build.2-v2.jar:?]
	at net.minecraft.client.gui.ParentElement.mouseClicked(ParentElement.java:38) ~[minecraft-merged-4eb9d75495-1.20.4-net.fabricmc.yarn.1_20_4.1.20.4+build.2-v2.jar:?]
	at net.minecraft.client.Mouse.method_1611(Mouse.java:99) ~[minecraft-merged-4eb9d75495-1.20.4-net.fabricmc.yarn.1_20_4.1.20.4+build.2-v2.jar:?]
	at net.minecraft.client.gui.screen.Screen.wrapScreenError(Screen.java:414) ~[minecraft-merged-4eb9d75495-1.20.4-net.fabricmc.yarn.1_20_4.1.20.4+build.2-v2.jar:?]
	at net.minecraft.client.Mouse.onMouseButton(Mouse.java:99) ~[minecraft-merged-4eb9d75495-1.20.4-net.fabricmc.yarn.1_20_4.1.20.4+build.2-v2.jar:?]
	at net.minecraft.client.Mouse.method_22686(Mouse.java:180) ~[minecraft-merged-4eb9d75495-1.20.4-net.fabricmc.yarn.1_20_4.1.20.4+build.2-v2.jar:?]
	at net.minecraft.util.thread.ThreadExecutor.execute(ThreadExecutor.java:102) ~[minecraft-merged-4eb9d75495-1.20.4-net.fabricmc.yarn.1_20_4.1.20.4+build.2-v2.jar:?]
	at net.minecraft.client.Mouse.method_22684(Mouse.java:180) ~[minecraft-merged-4eb9d75495-1.20.4-net.fabricmc.yarn.1_20_4.1.20.4+build.2-v2.jar:?]
	at org.lwjgl.glfw.GLFWMouseButtonCallbackI.callback(GLFWMouseButtonCallbackI.java:43) ~[lwjgl-glfw-3.3.2.jar:build 13]
	at org.lwjgl.system.JNI.invokeV(Native Method) ~[lwjgl-3.3.2.jar:build 13]
	at org.lwjgl.glfw.GLFW.glfwWaitEventsTimeout(GLFW.java:3509) ~[lwjgl-glfw-3.3.2.jar:build 13]
	at com.mojang.blaze3d.systems.RenderSystem.limitDisplayFPS(RenderSystem.java:238) ~[minecraft-merged-4eb9d75495-1.20.4-net.fabricmc.yarn.1_20_4.1.20.4+build.2-v2.jar:?]
	at net.minecraft.client.MinecraftClient.render(MinecraftClient.java:1352) ~[minecraft-merged-4eb9d75495-1.20.4-net.fabricmc.yarn.1_20_4.1.20.4+build.2-v2.jar:?]
	at net.minecraft.client.MinecraftClient.run(MinecraftClient.java:888) ~[minecraft-merged-4eb9d75495-1.20.4-net.fabricmc.yarn.1_20_4.1.20.4+build.2-v2.jar:?]
	at net.minecraft.client.main.Main.main(Main.java:265) ~[minecraft-merged-4eb9d75495-1.20.4-net.fabricmc.yarn.1_20_4.1.20.4+build.2-v2.jar:?]
	at net.fabricmc.loader.impl.game.minecraft.MinecraftGameProvider.launch(MinecraftGameProvider.java:470) ~[fabric-loader-0.15.10.jar:?]
	at net.fabricmc.loader.impl.launch.knot.Knot.launch(Knot.java:74) ~[fabric-loader-0.15.10.jar:?]
	at net.fabricmc.loader.impl.launch.knot.KnotClient.main(KnotClient.java:23) ~[fabric-loader-0.15.10.jar:?]
	at net.fabricmc.devlaunchinjector.Main.main(Main.java:86) ~[dev-launch-injector-0.2.1+build.8.jar:?]
[01:06:43] [Render thread/INFO] (Minecraft) Loaded 7 recipes
[01:06:43] [Render thread/INFO] (Minecraft) Loaded 1271 advancements
[01:06:52] [Render thread/INFO] (BiomeModificationImpl) Applied 0 biome modifications to 0 of 64 new biomes in 14.28 ms
[01:06:52] [Server thread/INFO] (Minecraft) Starting integrated minecraft server version 1.20.4
[01:06:52] [Server thread/INFO] (Minecraft) Generating keypair
[01:06:59] [Server thread/INFO] (Minecraft) Preparing start region for dimension minecraft:overworld
[01:07:06] [Render thread/INFO] (Minecraft) Preparing spawn area: 0%
[01:07:06] [Render thread/INFO] (Minecraft) Preparing spawn area: 0%
[01:07:06] [Render thread/INFO] (Minecraft) Preparing spawn area: 0%
[01:07:06] [Render thread/INFO] (Minecraft) Preparing spawn area: 0%
[01:07:06] [Render thread/INFO] (Minecraft) Preparing spawn area: 0%
[01:07:06] [Render thread/INFO] (Minecraft) Preparing spawn area: 0%
[01:07:06] [Render thread/INFO] (Minecraft) Preparing spawn area: 0%
[01:07:06] [Render thread/INFO] (Minecraft) Preparing spawn area: 0%
[01:07:06] [Render thread/INFO] (Minecraft) Preparing spawn area: 0%
[01:07:06] [Render thread/INFO] (Minecraft) Preparing spawn area: 0%
[01:07:06] [Render thread/INFO] (Minecraft) Preparing spawn area: 0%
[01:07:06] [Render thread/INFO] (Minecraft) Preparing spawn area: 0%
[01:07:06] [Render thread/INFO] (Minecraft) Preparing spawn area: 0%
[01:07:06] [Render thread/INFO] (Minecraft) Preparing spawn area: 0%
[01:07:06] [Render thread/INFO] (Minecraft) Preparing spawn area: 0%
[01:07:06] [Render thread/INFO] (Minecraft) Preparing spawn area: 0%
[01:07:07] [Render thread/INFO] (Minecraft) Preparing spawn area: 0%
[01:07:07] [Render thread/INFO] (Minecraft) Preparing spawn area: 0%
[01:07:08] [Render thread/INFO] (Minecraft) Preparing spawn area: 0%
[01:07:08] [Render thread/INFO] (Minecraft) Preparing spawn area: 0%
[01:07:09] [Render thread/INFO] (Minecraft) Preparing spawn area: 0%
[01:07:09] [Render thread/INFO] (Minecraft) Preparing spawn area: 0%
[01:07:10] [Render thread/INFO] (Minecraft) Preparing spawn area: 0%
[01:07:10] [Render thread/INFO] (Minecraft) Preparing spawn area: 0%
[01:07:11] [Render thread/INFO] (Minecraft) Preparing spawn area: 9%
[01:07:11] [Render thread/INFO] (Minecraft) Preparing spawn area: 56%
[01:07:12] [Render thread/INFO] (Minecraft) Preparing spawn area: 83%
[01:07:12] [Render thread/INFO] (Minecraft) Preparing spawn area: 93%
[01:07:13] [Render thread/INFO] (Minecraft) Time elapsed: 13884 ms
[01:07:13] [Server thread/INFO] (Minecraft) Changing view distance to 12, from 10
[01:07:13] [Server thread/INFO] (Minecraft) Changing simulation distance to 12, from 0
[01:07:14] [Server thread/INFO] (utdmod) [TM] add: 0.0 -> 0.1
[01:07:15] [Server thread/INFO] (utdmod) [TM] add: 0.1 -> 0.2
[01:07:15] [Server thread/INFO] (Minecraft) Player620[local:E:8a9b71e2] logged in with entity id 80 at (-1396.4462518801113, 75.9375, 134.30181261914842)
[01:07:15] [Server thread/INFO] (Minecraft) Player620 joined the game
[01:07:15] [Server thread/INFO] (Minecraft) Player620 has made the advancement [Stone Age]
[01:07:15] [Server thread/INFO] (Minecraft) Player620 has made the advancement [Getting an Upgrade]
[01:07:18] [Render thread/INFO] (Minecraft) [System] [CHAT] Player620 has made the advancement [Stone Age]
[01:07:18] [Render thread/INFO] (Minecraft) [System] [CHAT] Player620 has made the advancement [Getting an Upgrade]
[01:07:21] [Server thread/WARN] (Minecraft) Can't keep up! Is the server overloaded? Running 6343ms or 126 ticks behind
[01:07:21] [Render thread/INFO] (Minecraft) Loaded 53 advancements
[01:07:23] [Server thread/INFO] (utdmod) [TM] add: 0.2 -> 0.30000000000000004
[01:07:24] [Server thread/INFO] (utdmod) [TM] add: 0.30000000000000004 -> 0.4
[01:07:25] [Server thread/INFO] (utdmod) [TM] add: 0.4 -> 0.5
[01:07:26] [Server thread/INFO] (utdmod) [TM] add: 0.5 -> 0.6
[01:07:28] [Server thread/INFO] (utdmod) [TM] add: 0.6 -> 0.7
[01:07:29] [Server thread/INFO] (utdmod) [TM] add: 0.7 -> 0.7999999999999999
[01:07:30] [Server thread/INFO] (utdmod) [TM] add: 0.7999999999999999 -> 0.8999999999999999
[01:07:31] [Server thread/INFO] (utdmod) [TM] add: 0.8999999999999999 -> 0.9999999999999999
[01:07:33] [Server thread/INFO] (utdmod) [TM] add: 0.9999999999999999 -> 1.0
[01:07:35] [Server thread/INFO] (utdmod) [TM] add: 1.0 -> 1.0
[01:07:35] [Server thread/WARN] (utdmod) [UTD WARN] Tension not changing.
[01:07:36] [Server thread/INFO] (utdmod) [TM] add: 1.0 -> 1.0
[01:07:36] [Server thread/WARN] (utdmod) [UTD WARN] Tension not changing.
[01:07:40] [Server thread/INFO] (utdmod) [TM] add: 1.0 -> 1.0
[01:07:40] [Server thread/WARN] (utdmod) [UTD WARN] Tension not changing.
[01:07:42] [Server thread/INFO] (utdmod) [TM] add: 1.0 -> 1.0
[01:07:42] [Server thread/WARN] (utdmod) [UTD WARN] Tension not changing.
[01:07:44] [Server thread/INFO] (utdmod) [TM] add: 1.0 -> 1.0
[01:07:44] [Server thread/WARN] (utdmod) [UTD WARN] Tension not changing.
[01:07:45] [Server thread/INFO] (utdmod) [TM] add: 1.0 -> 1.0
[01:07:45] [Server thread/WARN] (utdmod) [UTD WARN] Tension not changing.
[01:07:45] [Server thread/WARN] (Minecraft) Can't keep up! Is the server overloaded? Running 9128ms or 182 ticks behind
[01:07:46] [Server thread/INFO] (utdmod) [TM] add: 1.0 -> 1.0
[01:07:46] [Server thread/WARN] (utdmod) [UTD WARN] Tension not changing.
[01:07:47] [Server thread/INFO] (utdmod) [TM] add: 1.0 -> 1.0
[01:07:47] [Server thread/WARN] (utdmod) [UTD WARN] Tension not changing.
[01:07:49] [Server thread/INFO] (utdmod) [TM] add: 1.0 -> 1.0
[01:07:49] [Server thread/WARN] (utdmod) [UTD WARN] Tension not changing.
[01:07:50] [Server thread/INFO] (utdmod) [TM] add: 1.0 -> 1.0
[01:07:50] [Server thread/WARN] (utdmod) [UTD WARN] Tension not changing.
[01:07:51] [Server thread/INFO] (utdmod) [TM] add: 1.0 -> 1.0
[01:07:51] [Server thread/WARN] (utdmod) [UTD WARN] Tension not changing.
[01:07:52] [Server thread/INFO] (utdmod) [TM] add: 1.0 -> 1.0
[01:07:52] [Server thread/WARN] (utdmod) [UTD WARN] Tension not changing.
[01:07:52] [Server thread/INFO] (utdmod) [TM] add: 1.0 -> 1.0
[01:07:52] [Server thread/WARN] (utdmod) [UTD WARN] Tension not changing.
[01:07:55] [Server thread/INFO] (utdmod) [TM] add: 1.0 -> 1.0
[01:07:55] [Server thread/WARN] (utdmod) [UTD WARN] Tension not changing.
[01:07:56] [Server thread/INFO] (utdmod) [TM] add: 1.0 -> 1.0
[01:07:56] [Server thread/WARN] (utdmod) [UTD WARN] Tension not changing.
[01:07:57] [Server thread/INFO] (utdmod) [TM] add: 1.0 -> 1.0
[01:07:57] [Server thread/WARN] (utdmod) [UTD WARN] Tension not changing.
[01:07:58] [Server thread/INFO] (utdmod) [TM] add: 1.0 -> 1.0
[01:07:58] [Server thread/WARN] (utdmod) [UTD WARN] Tension not changing.
[01:07:59] [Server thread/INFO] (utdmod) [TM] add: 1.0 -> 1.0
[01:07:59] [Server thread/WARN] (utdmod) [UTD WARN] Tension not changing.
[01:08:00] [Server thread/INFO] (utdmod) [TM] add: 1.0 -> 1.0
[01:08:00] [Server thread/WARN] (utdmod) [UTD WARN] Tension not changing.
[01:08:01] [Server thread/INFO] (utdmod) [TM] add: 1.0 -> 1.0
[01:08:01] [Server thread/WARN] (utdmod) [UTD WARN] Tension not changing.
[01:08:08] [Server thread/INFO] (utdmod) [TM] add: 1.0 -> 1.0
[01:08:08] [Server thread/WARN] (utdmod) [UTD WARN] Tension not changing.
[01:08:08] [Server thread/WARN] (Minecraft) Can't keep up! Is the server overloaded? Running 8477ms or 169 ticks behind
[01:08:10] [Server thread/INFO] (utdmod) [TM] add: 1.0 -> 1.0
[01:08:10] [Server thread/WARN] (utdmod) [UTD WARN] Tension not changing.
[01:08:11] [Server thread/INFO] (utdmod) [TM] add: 1.0 -> 1.0
[01:08:11] [Server thread/WARN] (utdmod) [UTD WARN] Tension not changing.
[01:08:12] [Server thread/INFO] (utdmod) [TM] add: 1.0 -> 1.0
[01:08:12] [Server thread/WARN] (utdmod) [UTD WARN] Tension not changing.
[01:08:12] [Server thread/INFO] (utdmod) [TM] add: 1.0 -> 1.0
[01:08:12] [Server thread/WARN] (utdmod) [UTD WARN] Tension not changing.
[01:08:13] [Server thread/INFO] (utdmod) [TM] add: 1.0 -> 1.0
[01:08:13] [Server thread/WARN] (utdmod) [UTD WARN] Tension not changing.
[01:08:14] [Server thread/INFO] (utdmod) [TM] add: 1.0 -> 1.0
[01:08:14] [Server thread/WARN] (utdmod) [UTD WARN] Tension not changing.
[01:08:15] [Server thread/INFO] (Minecraft) [Player620: Set own game mode to Creative Mode]
[01:08:15] [Render thread/INFO] (Minecraft) [System] [CHAT] Set own game mode to Creative Mode
[01:08:15] [Server thread/INFO] (utdmod) [TM] add: 1.0 -> 1.0
[01:08:15] [Server thread/WARN] (utdmod) [UTD WARN] Tension not changing.
[01:08:16] [Server thread/INFO] (utdmod) [TM] add: 1.0 -> 1.0
[01:08:16] [Server thread/WARN] (utdmod) [UTD WARN] Tension not changing.
[01:08:17] [Server thread/INFO] (utdmod) [TM] add: 1.0 -> 1.0
[01:08:17] [Server thread/WARN] (utdmod) [UTD WARN] Tension not changing.
[01:08:18] [Server thread/INFO] (utdmod) [TM] add: 1.0 -> 1.0
[01:08:18] [Server thread/WARN] (utdmod) [UTD WARN] Tension not changing.
[01:08:20] [Server thread/INFO] (utdmod) [TM] add: 1.0 -> 1.0
[01:08:20] [Server thread/WARN] (utdmod) [UTD WARN] Tension not changing.
[01:08:20] [Server thread/INFO] (utdmod) [TM] add: 1.0 -> 1.0
[01:08:20] [Server thread/WARN] (utdmod) [UTD WARN] Tension not changing.
[01:08:21] [Server thread/INFO] (utdmod) [TM] add: 1.0 -> 1.0
[01:08:21] [Server thread/WARN] (utdmod) [UTD WARN] Tension not changing.
[01:08:22] [Server thread/INFO] (utdmod) [TM] add: 1.0 -> 1.0
[01:08:22] [Server thread/WARN] (utdmod) [UTD WARN] Tension not changing.
[01:08:23] [Server thread/INFO] (utdmod) [TM] add: 1.0 -> 1.0
[01:08:23] [Server thread/WARN] (utdmod) [UTD WARN] Tension not changing.
[01:08:24] [Server thread/INFO] (Minecraft) Saving and pausing game...
[01:08:24] [Server thread/INFO] (Minecraft) Saving chunks for level 'ServerLevel[check mod]'/minecraft:overworld
[01:08:24] [Server thread/INFO] (Minecraft) Saving chunks for level 'ServerLevel[check mod]'/minecraft:the_end
[01:08:24] [Server thread/INFO] (Minecraft) Saving chunks for level 'ServerLevel[check mod]'/minecraft:the_nether
[01:17:56] [Server thread/WARN] (Minecraft) Can't keep up! Is the server overloaded? Running 2629ms or 52 ticks behind
[01:24:32] [Server thread/WARN] (Minecraft) Can't keep up! Is the server overloaded? Running 3262ms or 65 ticks behind
[01:24:35] [Server thread/INFO] (utdmod) [TM] add: 1.0 -> 1.0
[01:24:35] [Server thread/WARN] (utdmod) [UTD WARN] Tension not changing.
[01:24:37] [Server thread/INFO] (utdmod) [TM] add: 1.0 -> 1.0
[01:24:37] [Server thread/WARN] (utdmod) [UTD WARN] Tension not changing.
[01:24:37] [Server thread/INFO] (utdmod) [TM] add: 1.0 -> 1.0
[01:24:37] [Server thread/WARN] (utdmod) [UTD WARN] Tension not changing.
[01:24:38] [Server thread/INFO] (utdmod) [TM] add: 1.0 -> 1.0
[01:24:38] [Server thread/WARN] (utdmod) [UTD WARN] Tension not changing.
[01:24:40] [Server thread/INFO] (utdmod) [TM] add: 1.0 -> 1.0
[01:24:40] [Server thread/WARN] (utdmod) [UTD WARN] Tension not changing.
[01:24:43] [Server thread/INFO] (utdmod) [TM] add: 1.0 -> 1.0
[01:24:43] [Server thread/WARN] (utdmod) [UTD WARN] Tension not changing.
[01:24:43] [Server thread/INFO] (utdmod) [TM] add: 1.0 -> 1.0
[01:24:43] [Server thread/WARN] (utdmod) [UTD WARN] Tension not changing.
[01:24:44] [Server thread/INFO] (utdmod) [TM] add: 1.0 -> 1.0
[01:24:44] [Server thread/WARN] (utdmod) [UTD WARN] Tension not changing.
[01:24:45] [Server thread/INFO] (utdmod) [TM] add: 1.0 -> 1.0
[01:24:45] [Server thread/WARN] (utdmod) [UTD WARN] Tension not changing.
[01:24:45] [Server thread/INFO] (utdmod) [TM] add: 1.0 -> 1.0
[01:24:45] [Server thread/WARN] (utdmod) [UTD WARN] Tension not changing.
[01:24:47] [Server thread/INFO] (utdmod) [TM] add: 1.0 -> 1.0
[01:24:47] [Server thread/WARN] (utdmod) [UTD WARN] Tension not changing.
[01:24:47] [Server thread/INFO] (utdmod) [TM] add: 1.0 -> 1.0
[01:24:47] [Server thread/WARN] (utdmod) [UTD WARN] Tension not changing.
[01:24:48] [Server thread/INFO] (utdmod) [TM] add: 1.0 -> 1.0
[01:24:48] [Server thread/WARN] (utdmod) [UTD WARN] Tension not changing.
[01:24:51] [Server thread/INFO] (utdmod) [TM] add: 1.0 -> 1.0
[01:24:51] [Server thread/WARN] (utdmod) [UTD WARN] Tension not changing.
[01:24:54] [Server thread/INFO] (utdmod) [TM] add: 1.0 -> 1.0
[01:24:54] [Server thread/WARN] (utdmod) [UTD WARN] Tension not changing.
[01:24:54] [Server thread/INFO] (Minecraft) [Player620: Set own game mode to Survival Mode]
[01:24:54] [Render thread/INFO] (Minecraft) [System] [CHAT] Set own game mode to Survival Mode
[01:24:55] [Server thread/WARN] (Minecraft) Can't keep up! Is the server overloaded? Running 7951ms or 159 ticks behind
[01:24:56] [Server thread/INFO] (utdmod) [TM] add: 1.0 -> 1.0
[01:24:56] [Server thread/WARN] (utdmod) [UTD WARN] Tension not changing.
[01:24:58] [Server thread/INFO] (utdmod) [TM] add: 1.0 -> 1.0
[01:24:58] [Server thread/WARN] (utdmod) [UTD WARN] Tension not changing.
[01:25:01] [Server thread/INFO] (utdmod) [TM] add: 1.0 -> 1.0
[01:25:01] [Server thread/WARN] (utdmod) [UTD WARN] Tension not changing.
[01:25:04] [Server thread/INFO] (utdmod) [TM] add: 1.0 -> 1.0
[01:25:04] [Server thread/WARN] (utdmod) [UTD WARN] Tension not changing.
[01:25:08] [Server thread/INFO] (utdmod) [TM] add: 1.0 -> 1.0
[01:25:08] [Server thread/WARN] (utdmod) [UTD WARN] Tension not changing.
[01:25:09] [Server thread/INFO] (utdmod) [TM] add: 1.0 -> 1.0
[01:25:09] [Server thread/WARN] (utdmod) [UTD WARN] Tension not changing.
[01:25:10] [Render thread/INFO] (Minecraft) [System] [CHAT] Unknown item 'utdmod:signal_probe'
[01:25:10] [Render thread/INFO] (Minecraft) [System] [CHAT] give @p utdmod:signal_probe 1<--[HERE]
[01:25:13] [Server thread/INFO] (utdmod) [TM] add: 1.0 -> 1.0
[01:25:13] [Server thread/WARN] (utdmod) [UTD WARN] Tension not changing.
[01:25:16] [Server thread/INFO] (utdmod) [TM] add: 1.0 -> 1.0
[01:25:16] [Server thread/WARN] (utdmod) [UTD WARN] Tension not changing.
[01:25:16] [Server thread/INFO] (Minecraft) Saving and pausing game...
[01:25:17] [Server thread/INFO] (Minecraft) Saving chunks for level 'ServerLevel[check mod]'/minecraft:overworld
[01:25:18] [Server thread/INFO] (Minecraft) Saving chunks for level 'ServerLevel[check mod]'/minecraft:the_end
[01:25:18] [Server thread/INFO] (Minecraft) Saving chunks for level 'ServerLevel[check mod]'/minecraft:the_nether
[01:25:18] [Server thread/WARN] (Minecraft) Can't keep up! Is the server overloaded? Running 7897ms or 157 ticks behind
[01:25:38] [Server thread/INFO] (utdmod) [TM] add: 1.0 -> 1.0
[01:25:38] [Server thread/WARN] (utdmod) [UTD WARN] Tension not changing.
[01:25:39] [Server thread/INFO] (utdmod) [TM] add: 1.0 -> 1.0
[01:25:39] [Server thread/WARN] (utdmod) [UTD WARN] Tension not changing.
[01:25:40] [Server thread/INFO] (utdmod) [TM] add: 1.0 -> 1.0
[01:25:40] [Server thread/WARN] (utdmod) [UTD WARN] Tension not changing.
[01:25:41] [Server thread/INFO] (utdmod) [TM] add: 1.0 -> 1.0
[01:25:41] [Server thread/WARN] (utdmod) [UTD WARN] Tension not changing.
[01:25:42] [Server thread/INFO] (utdmod) [TM] add: 1.0 -> 1.0
[01:25:42] [Server thread/WARN] (utdmod) [UTD WARN] Tension not changing.
[01:25:44] [Server thread/INFO] (utdmod) [TM] add: 1.0 -> 1.0
[01:25:44] [Server thread/WARN] (utdmod) [UTD WARN] Tension not changing.
[01:25:45] [Server thread/WARN] (Minecraft) Can't keep up! Is the server overloaded? Running 2267ms or 45 ticks behind
[01:25:47] [Server thread/INFO] (utdmod) [TM] add: 1.0 -> 1.0
[01:25:47] [Server thread/WARN] (utdmod) [UTD WARN] Tension not changing.
[01:25:49] [Server thread/INFO] (utdmod) [TM] add: 1.0 -> 1.0
[01:25:49] [Server thread/WARN] (utdmod) [UTD WARN] Tension not changing.
[01:25:49] [Render thread/INFO] (Minecraft) [System] [CHAT] Unknown item 'utdmod:warding_crystal'
[01:25:49] [Render thread/INFO] (Minecraft) [System] [CHAT] give @p utdmod:warding_crystal 1<--[HERE]
[01:25:50] [Server thread/INFO] (utdmod) [TM] add: 1.0 -> 1.0
[01:25:50] [Server thread/WARN] (utdmod) [UTD WARN] Tension not changing.
[01:25:50] [Server thread/INFO] (utdmod) [TM] add: 1.0 -> 1.0
[01:25:50] [Server thread/WARN] (utdmod) [UTD WARN] Tension not changing.
[01:25:51] [Server thread/INFO] (Minecraft) Saving and pausing game...
[01:25:51] [Server thread/INFO] (Minecraft) Saving chunks for level 'ServerLevel[check mod]'/minecraft:overworld
[01:25:51] [Server thread/INFO] (Minecraft) Saving chunks for level 'ServerLevel[check mod]'/minecraft:the_end
[01:25:51] [Server thread/INFO] (Minecraft) Saving chunks for level 'ServerLevel[check mod]'/minecraft:the_nether
[01:25:52] [Server thread/INFO] (Minecraft) Player620 lost connection: Disconnected
[01:25:52] [Server thread/INFO] (Minecraft) Player620 left the game
[01:25:52] [Server thread/INFO] (Minecraft) Stopping singleplayer server as player logged out
[01:25:52] [Server thread/INFO] (Minecraft) Stopping server
[01:25:52] [Server thread/INFO] (Minecraft) Saving players
[01:25:52] [Server thread/INFO] (Minecraft) Saving worlds
[01:25:59] [Server thread/INFO] (Minecraft) Saving chunks for level 'ServerLevel[check mod]'/minecraft:overworld
[01:26:00] [Server thread/INFO] (Minecraft) Saving chunks for level 'ServerLevel[check mod]'/minecraft:the_end
[01:26:00] [Server thread/INFO] (Minecraft) Saving chunks for level 'ServerLevel[check mod]'/minecraft:the_nether
[01:26:00] [Server thread/INFO] (Minecraft) ThreadedAnvilChunkStorage (check mod): All chunks are saved
[01:26:00] [Server thread/INFO] (Minecraft) ThreadedAnvilChunkStorage (DIM1): All chunks are saved
[01:26:00] [Server thread/INFO] (Minecraft) ThreadedAnvilChunkStorage (DIM-1): All chunks are saved
[01:26:00] [Server thread/INFO] (Minecraft) ThreadedAnvilChunkStorage: All dimensions are saved
[01:26:18] [IO-Worker-9/INFO] (Minecraft) Could not authorize you against Realms server: java.lang.RuntimeException: Failed to parse into SignedJWT: FabricMC
[01:26:23] [Render thread/INFO] (Minecraft) Stopping!

BUILD SUCCESSFUL in 20m 35s
7 actionable tasks: 4 executed, 3 up-to-date
